07 Feb 2024 - 19:58:09.557 INFO  org.example.springkunuz.Application - Starting Application using Java 21.0.1 with PID 6628 (D:\programer\proekt\spring boot projectlar\spring-kun.uz\target\classes started by acer in D:\programer\proekt\spring boot projectlar\spring-kun.uz)
07 Feb 2024 - 19:58:09.571 INFO  org.example.springkunuz.Application - The following 1 profile is active: "dev"
07 Feb 2024 - 19:58:10.482 INFO  o.s.d.r.c.RepositoryConfigurationDelegate - Bootstrapping Spring Data JPA repositories in DEFAULT mode.
07 Feb 2024 - 19:58:10.561 INFO  o.s.d.r.c.RepositoryConfigurationDelegate - Finished Spring Data repository scanning in 72 ms. Found 8 JPA repository interfaces.
07 Feb 2024 - 19:58:11.136 INFO  o.s.b.w.e.tomcat.TomcatWebServer - Tomcat initialized with port 8080 (http)
07 Feb 2024 - 19:58:11.148 INFO  o.a.catalina.core.StandardService - Starting service [Tomcat]
07 Feb 2024 - 19:58:11.148 INFO  o.a.catalina.core.StandardEngine - Starting Servlet engine: [Apache Tomcat/10.1.18]
07 Feb 2024 - 19:58:11.211 INFO  o.a.c.c.C.[Tomcat].[localhost].[/] - Initializing Spring embedded WebApplicationContext
07 Feb 2024 - 19:58:11.211 INFO  o.s.b.w.s.c.ServletWebServerApplicationContext - Root WebApplicationContext: initialization completed in 1590 ms
07 Feb 2024 - 19:58:11.235 INFO  o.a.catalina.core.StandardContext - Suspicious URL pattern: [/region/adm/**] in context [], see sections 12.1 and 12.2 of the Servlet specification
07 Feb 2024 - 19:58:11.236 INFO  o.a.catalina.core.StandardContext - Suspicious URL pattern: [/articletype/adm/**] in context [], see sections 12.1 and 12.2 of the Servlet specification
07 Feb 2024 - 19:58:11.236 INFO  o.a.catalina.core.StandardContext - Suspicious URL pattern: [/category/adm/**] in context [], see sections 12.1 and 12.2 of the Servlet specification
07 Feb 2024 - 19:58:11.236 INFO  o.a.catalina.core.StandardContext - Suspicious URL pattern: [/profile/adm/**] in context [], see sections 12.1 and 12.2 of the Servlet specification
07 Feb 2024 - 19:58:11.237 INFO  o.a.catalina.core.StandardContext - Suspicious URL pattern: [/article/adm/**] in context [], see sections 12.1 and 12.2 of the Servlet specification
07 Feb 2024 - 19:58:11.387 INFO  o.h.jpa.internal.util.LogHelper - HHH000204: Processing PersistenceUnitInfo [name: default]
07 Feb 2024 - 19:58:11.450 INFO  org.hibernate.Version - HHH000412: Hibernate ORM core version 6.4.1.Final
07 Feb 2024 - 19:58:11.476 INFO  o.h.c.i.RegionFactoryInitiator - HHH000026: Second-level cache disabled
07 Feb 2024 - 19:58:11.689 INFO  o.s.o.j.p.SpringPersistenceUnitInfo - No LoadTimeWeaver setup: ignoring JPA class transformer
07 Feb 2024 - 19:58:11.721 INFO  com.zaxxer.hikari.HikariDataSource - HikariPool-1 - Starting...
07 Feb 2024 - 19:58:11.883 INFO  com.zaxxer.hikari.pool.HikariPool - HikariPool-1 - Added connection org.postgresql.jdbc.PgConnection@39c7fb0b
07 Feb 2024 - 19:58:11.884 INFO  com.zaxxer.hikari.HikariDataSource - HikariPool-1 - Start completed.
07 Feb 2024 - 19:58:13.351 INFO  o.h.e.t.j.p.i.JtaPlatformInitiator - HHH000489: No JTA platform available (set 'hibernate.transaction.jta.platform' to enable JTA platform integration)
07 Feb 2024 - 19:58:13.575 INFO  o.s.o.j.LocalContainerEntityManagerFactoryBean - Initialized JPA EntityManagerFactory for persistence unit 'default'
07 Feb 2024 - 19:58:13.900 INFO  o.s.d.j.r.query.QueryEnhancerFactory - Hibernate is in classpath; If applicable, HQL parser will be used.
07 Feb 2024 - 19:58:14.494 WARN  o.s.b.a.o.j.JpaBaseConfiguration$JpaWebConfiguration - spring.jpa.open-in-view is enabled by default. Therefore, database queries may be performed during view rendering. Explicitly configure spring.jpa.open-in-view to disable this warning
07 Feb 2024 - 19:58:14.971 INFO  o.s.b.w.e.tomcat.TomcatWebServer - Tomcat started on port 8080 (http) with context path ''
07 Feb 2024 - 19:58:14.981 INFO  org.example.springkunuz.Application - Started Application in 5.897 seconds (process running for 6.686)
07 Feb 2024 - 20:00:05.065 INFO  o.s.o.j.LocalContainerEntityManagerFactoryBean - Closing JPA EntityManagerFactory for persistence unit 'default'
07 Feb 2024 - 20:00:05.067 INFO  com.zaxxer.hikari.HikariDataSource - HikariPool-1 - Shutdown initiated...
07 Feb 2024 - 20:00:05.088 INFO  com.zaxxer.hikari.HikariDataSource - HikariPool-1 - Shutdown completed.
07 Feb 2024 - 20:00:08.986 INFO  org.example.springkunuz.Application - Starting Application using Java 21.0.1 with PID 1552 (D:\programer\proekt\spring boot projectlar\spring-kun.uz\target\classes started by acer in D:\programer\proekt\spring boot projectlar\spring-kun.uz)
07 Feb 2024 - 20:00:08.999 INFO  org.example.springkunuz.Application - The following 1 profile is active: "dev"
07 Feb 2024 - 20:00:09.814 INFO  o.s.d.r.c.RepositoryConfigurationDelegate - Bootstrapping Spring Data JPA repositories in DEFAULT mode.
07 Feb 2024 - 20:00:09.891 INFO  o.s.d.r.c.RepositoryConfigurationDelegate - Finished Spring Data repository scanning in 68 ms. Found 8 JPA repository interfaces.
07 Feb 2024 - 20:00:10.488 INFO  o.s.b.w.e.tomcat.TomcatWebServer - Tomcat initialized with port 8080 (http)
07 Feb 2024 - 20:00:10.499 INFO  o.a.catalina.core.StandardService - Starting service [Tomcat]
07 Feb 2024 - 20:00:10.499 INFO  o.a.catalina.core.StandardEngine - Starting Servlet engine: [Apache Tomcat/10.1.18]
07 Feb 2024 - 20:00:10.555 INFO  o.a.c.c.C.[Tomcat].[localhost].[/] - Initializing Spring embedded WebApplicationContext
07 Feb 2024 - 20:00:10.556 INFO  o.s.b.w.s.c.ServletWebServerApplicationContext - Root WebApplicationContext: initialization completed in 1504 ms
07 Feb 2024 - 20:00:10.579 INFO  o.a.catalina.core.StandardContext - Suspicious URL pattern: [/region/adm/**] in context [], see sections 12.1 and 12.2 of the Servlet specification
07 Feb 2024 - 20:00:10.579 INFO  o.a.catalina.core.StandardContext - Suspicious URL pattern: [/articletype/adm/**] in context [], see sections 12.1 and 12.2 of the Servlet specification
07 Feb 2024 - 20:00:10.580 INFO  o.a.catalina.core.StandardContext - Suspicious URL pattern: [/category/adm/**] in context [], see sections 12.1 and 12.2 of the Servlet specification
07 Feb 2024 - 20:00:10.580 INFO  o.a.catalina.core.StandardContext - Suspicious URL pattern: [/profile/adm/**] in context [], see sections 12.1 and 12.2 of the Servlet specification
07 Feb 2024 - 20:00:10.580 INFO  o.a.catalina.core.StandardContext - Suspicious URL pattern: [/article/adm/**] in context [], see sections 12.1 and 12.2 of the Servlet specification
07 Feb 2024 - 20:00:10.706 INFO  o.h.jpa.internal.util.LogHelper - HHH000204: Processing PersistenceUnitInfo [name: default]
07 Feb 2024 - 20:00:10.756 INFO  org.hibernate.Version - HHH000412: Hibernate ORM core version 6.4.1.Final
07 Feb 2024 - 20:00:10.788 INFO  o.h.c.i.RegionFactoryInitiator - HHH000026: Second-level cache disabled
07 Feb 2024 - 20:00:11.018 INFO  o.s.o.j.p.SpringPersistenceUnitInfo - No LoadTimeWeaver setup: ignoring JPA class transformer
07 Feb 2024 - 20:00:11.042 INFO  com.zaxxer.hikari.HikariDataSource - HikariPool-1 - Starting...
07 Feb 2024 - 20:00:11.208 INFO  com.zaxxer.hikari.pool.HikariPool - HikariPool-1 - Added connection org.postgresql.jdbc.PgConnection@11148dc2
07 Feb 2024 - 20:00:11.210 INFO  com.zaxxer.hikari.HikariDataSource - HikariPool-1 - Start completed.
07 Feb 2024 - 20:00:12.399 INFO  o.h.e.t.j.p.i.JtaPlatformInitiator - HHH000489: No JTA platform available (set 'hibernate.transaction.jta.platform' to enable JTA platform integration)
07 Feb 2024 - 20:00:12.635 INFO  o.s.o.j.LocalContainerEntityManagerFactoryBean - Initialized JPA EntityManagerFactory for persistence unit 'default'
07 Feb 2024 - 20:00:12.935 INFO  o.s.d.j.r.query.QueryEnhancerFactory - Hibernate is in classpath; If applicable, HQL parser will be used.
07 Feb 2024 - 20:00:13.540 WARN  o.s.b.a.o.j.JpaBaseConfiguration$JpaWebConfiguration - spring.jpa.open-in-view is enabled by default. Therefore, database queries may be performed during view rendering. Explicitly configure spring.jpa.open-in-view to disable this warning
07 Feb 2024 - 20:00:13.965 INFO  o.s.b.w.e.tomcat.TomcatWebServer - Tomcat started on port 8080 (http) with context path ''
07 Feb 2024 - 20:00:13.972 INFO  org.example.springkunuz.Application - Started Application in 5.492 seconds (process running for 6.315)
07 Feb 2024 - 20:05:21.053 INFO  o.s.o.j.LocalContainerEntityManagerFactoryBean - Closing JPA EntityManagerFactory for persistence unit 'default'
07 Feb 2024 - 20:05:21.055 INFO  com.zaxxer.hikari.HikariDataSource - HikariPool-1 - Shutdown initiated...
07 Feb 2024 - 20:05:21.062 INFO  com.zaxxer.hikari.HikariDataSource - HikariPool-1 - Shutdown completed.
07 Feb 2024 - 20:05:29.154 INFO  org.example.springkunuz.Application - Starting Application using Java 21.0.1 with PID 2200 (D:\programer\proekt\spring boot projectlar\spring-kun.uz\target\classes started by acer in D:\programer\proekt\spring boot projectlar\spring-kun.uz)
07 Feb 2024 - 20:05:29.167 INFO  org.example.springkunuz.Application - The following 1 profile is active: "dev"
07 Feb 2024 - 20:05:30.046 INFO  o.s.d.r.c.RepositoryConfigurationDelegate - Bootstrapping Spring Data JPA repositories in DEFAULT mode.
07 Feb 2024 - 20:05:30.123 INFO  o.s.d.r.c.RepositoryConfigurationDelegate - Finished Spring Data repository scanning in 71 ms. Found 8 JPA repository interfaces.
07 Feb 2024 - 20:05:30.696 INFO  o.s.b.w.e.tomcat.TomcatWebServer - Tomcat initialized with port 8080 (http)
07 Feb 2024 - 20:05:30.706 INFO  o.a.catalina.core.StandardService - Starting service [Tomcat]
07 Feb 2024 - 20:05:30.706 INFO  o.a.catalina.core.StandardEngine - Starting Servlet engine: [Apache Tomcat/10.1.18]
07 Feb 2024 - 20:05:30.764 INFO  o.a.c.c.C.[Tomcat].[localhost].[/] - Initializing Spring embedded WebApplicationContext
07 Feb 2024 - 20:05:30.765 INFO  o.s.b.w.s.c.ServletWebServerApplicationContext - Root WebApplicationContext: initialization completed in 1547 ms
07 Feb 2024 - 20:05:30.790 INFO  o.a.catalina.core.StandardContext - Suspicious URL pattern: [/region/adm/**] in context [], see sections 12.1 and 12.2 of the Servlet specification
07 Feb 2024 - 20:05:30.790 INFO  o.a.catalina.core.StandardContext - Suspicious URL pattern: [/articletype/adm/**] in context [], see sections 12.1 and 12.2 of the Servlet specification
07 Feb 2024 - 20:05:30.790 INFO  o.a.catalina.core.StandardContext - Suspicious URL pattern: [/category/adm/**] in context [], see sections 12.1 and 12.2 of the Servlet specification
07 Feb 2024 - 20:05:30.791 INFO  o.a.catalina.core.StandardContext - Suspicious URL pattern: [/profile/adm/**] in context [], see sections 12.1 and 12.2 of the Servlet specification
07 Feb 2024 - 20:05:30.791 INFO  o.a.catalina.core.StandardContext - Suspicious URL pattern: [/article/adm/**] in context [], see sections 12.1 and 12.2 of the Servlet specification
07 Feb 2024 - 20:05:30.937 INFO  o.h.jpa.internal.util.LogHelper - HHH000204: Processing PersistenceUnitInfo [name: default]
07 Feb 2024 - 20:05:30.995 INFO  org.hibernate.Version - HHH000412: Hibernate ORM core version 6.4.1.Final
07 Feb 2024 - 20:05:31.026 INFO  o.h.c.i.RegionFactoryInitiator - HHH000026: Second-level cache disabled
07 Feb 2024 - 20:05:31.239 INFO  o.s.o.j.p.SpringPersistenceUnitInfo - No LoadTimeWeaver setup: ignoring JPA class transformer
07 Feb 2024 - 20:05:31.271 INFO  com.zaxxer.hikari.HikariDataSource - HikariPool-1 - Starting...
07 Feb 2024 - 20:05:31.483 INFO  com.zaxxer.hikari.pool.HikariPool - HikariPool-1 - Added connection org.postgresql.jdbc.PgConnection@60c96eb4
07 Feb 2024 - 20:05:31.485 INFO  com.zaxxer.hikari.HikariDataSource - HikariPool-1 - Start completed.
07 Feb 2024 - 20:05:32.668 INFO  o.h.e.t.j.p.i.JtaPlatformInitiator - HHH000489: No JTA platform available (set 'hibernate.transaction.jta.platform' to enable JTA platform integration)
07 Feb 2024 - 20:05:32.890 INFO  o.s.o.j.LocalContainerEntityManagerFactoryBean - Initialized JPA EntityManagerFactory for persistence unit 'default'
07 Feb 2024 - 20:05:33.213 INFO  o.s.d.j.r.query.QueryEnhancerFactory - Hibernate is in classpath; If applicable, HQL parser will be used.
07 Feb 2024 - 20:05:33.804 WARN  o.s.b.a.o.j.JpaBaseConfiguration$JpaWebConfiguration - spring.jpa.open-in-view is enabled by default. Therefore, database queries may be performed during view rendering. Explicitly configure spring.jpa.open-in-view to disable this warning
07 Feb 2024 - 20:05:34.253 INFO  o.s.b.w.e.tomcat.TomcatWebServer - Tomcat started on port 8080 (http) with context path ''
07 Feb 2024 - 20:05:34.263 INFO  org.example.springkunuz.Application - Started Application in 5.698 seconds (process running for 6.562)
07 Feb 2024 - 20:05:49.426 INFO  o.s.o.j.LocalContainerEntityManagerFactoryBean - Closing JPA EntityManagerFactory for persistence unit 'default'
07 Feb 2024 - 20:05:49.427 INFO  com.zaxxer.hikari.HikariDataSource - HikariPool-1 - Shutdown initiated...
07 Feb 2024 - 20:05:49.435 INFO  com.zaxxer.hikari.HikariDataSource - HikariPool-1 - Shutdown completed.
07 Feb 2024 - 20:05:52.666 INFO  org.example.springkunuz.Application - Starting Application using Java 21.0.1 with PID 1644 (D:\programer\proekt\spring boot projectlar\spring-kun.uz\target\classes started by acer in D:\programer\proekt\spring boot projectlar\spring-kun.uz)
07 Feb 2024 - 20:05:52.685 INFO  org.example.springkunuz.Application - The following 1 profile is active: "dev"
07 Feb 2024 - 20:05:53.491 INFO  o.s.d.r.c.RepositoryConfigurationDelegate - Bootstrapping Spring Data JPA repositories in DEFAULT mode.
07 Feb 2024 - 20:05:53.567 INFO  o.s.d.r.c.RepositoryConfigurationDelegate - Finished Spring Data repository scanning in 66 ms. Found 8 JPA repository interfaces.
07 Feb 2024 - 20:05:54.082 INFO  o.s.b.w.e.tomcat.TomcatWebServer - Tomcat initialized with port 8080 (http)
07 Feb 2024 - 20:05:54.097 INFO  o.a.catalina.core.StandardService - Starting service [Tomcat]
07 Feb 2024 - 20:05:54.098 INFO  o.a.catalina.core.StandardEngine - Starting Servlet engine: [Apache Tomcat/10.1.18]
07 Feb 2024 - 20:05:54.181 INFO  o.a.c.c.C.[Tomcat].[localhost].[/] - Initializing Spring embedded WebApplicationContext
07 Feb 2024 - 20:05:54.182 INFO  o.s.b.w.s.c.ServletWebServerApplicationContext - Root WebApplicationContext: initialization completed in 1447 ms
07 Feb 2024 - 20:05:54.212 INFO  o.a.catalina.core.StandardContext - Suspicious URL pattern: [/region/adm/**] in context [], see sections 12.1 and 12.2 of the Servlet specification
07 Feb 2024 - 20:05:54.213 INFO  o.a.catalina.core.StandardContext - Suspicious URL pattern: [/articletype/adm/**] in context [], see sections 12.1 and 12.2 of the Servlet specification
07 Feb 2024 - 20:05:54.213 INFO  o.a.catalina.core.StandardContext - Suspicious URL pattern: [/category/adm/**] in context [], see sections 12.1 and 12.2 of the Servlet specification
07 Feb 2024 - 20:05:54.213 INFO  o.a.catalina.core.StandardContext - Suspicious URL pattern: [/profile/adm/**] in context [], see sections 12.1 and 12.2 of the Servlet specification
07 Feb 2024 - 20:05:54.213 INFO  o.a.catalina.core.StandardContext - Suspicious URL pattern: [/article/adm/**] in context [], see sections 12.1 and 12.2 of the Servlet specification
07 Feb 2024 - 20:05:54.375 INFO  o.h.jpa.internal.util.LogHelper - HHH000204: Processing PersistenceUnitInfo [name: default]
07 Feb 2024 - 20:05:54.424 INFO  org.hibernate.Version - HHH000412: Hibernate ORM core version 6.4.1.Final
07 Feb 2024 - 20:05:54.460 INFO  o.h.c.i.RegionFactoryInitiator - HHH000026: Second-level cache disabled
07 Feb 2024 - 20:05:54.718 INFO  o.s.o.j.p.SpringPersistenceUnitInfo - No LoadTimeWeaver setup: ignoring JPA class transformer
07 Feb 2024 - 20:05:54.749 INFO  com.zaxxer.hikari.HikariDataSource - HikariPool-1 - Starting...
07 Feb 2024 - 20:05:54.988 INFO  com.zaxxer.hikari.pool.HikariPool - HikariPool-1 - Added connection org.postgresql.jdbc.PgConnection@60a01cb
07 Feb 2024 - 20:05:54.990 INFO  com.zaxxer.hikari.HikariDataSource - HikariPool-1 - Start completed.
07 Feb 2024 - 20:05:56.126 INFO  o.h.e.t.j.p.i.JtaPlatformInitiator - HHH000489: No JTA platform available (set 'hibernate.transaction.jta.platform' to enable JTA platform integration)
07 Feb 2024 - 20:05:56.343 INFO  o.s.o.j.LocalContainerEntityManagerFactoryBean - Initialized JPA EntityManagerFactory for persistence unit 'default'
07 Feb 2024 - 20:05:56.643 INFO  o.s.d.j.r.query.QueryEnhancerFactory - Hibernate is in classpath; If applicable, HQL parser will be used.
07 Feb 2024 - 20:05:57.232 WARN  o.s.b.a.o.j.JpaBaseConfiguration$JpaWebConfiguration - spring.jpa.open-in-view is enabled by default. Therefore, database queries may be performed during view rendering. Explicitly configure spring.jpa.open-in-view to disable this warning
07 Feb 2024 - 20:05:57.666 INFO  o.s.b.w.e.tomcat.TomcatWebServer - Tomcat started on port 8080 (http) with context path ''
07 Feb 2024 - 20:05:57.674 INFO  org.example.springkunuz.Application - Started Application in 5.485 seconds (process running for 6.16)
07 Feb 2024 - 20:06:19.332 INFO  o.s.o.j.LocalContainerEntityManagerFactoryBean - Closing JPA EntityManagerFactory for persistence unit 'default'
07 Feb 2024 - 20:06:19.333 INFO  com.zaxxer.hikari.HikariDataSource - HikariPool-1 - Shutdown initiated...
07 Feb 2024 - 20:06:19.341 INFO  com.zaxxer.hikari.HikariDataSource - HikariPool-1 - Shutdown completed.
07 Feb 2024 - 20:06:22.542 INFO  org.example.springkunuz.Application - Starting Application using Java 21.0.1 with PID 6212 (D:\programer\proekt\spring boot projectlar\spring-kun.uz\target\classes started by acer in D:\programer\proekt\spring boot projectlar\spring-kun.uz)
07 Feb 2024 - 20:06:22.554 INFO  org.example.springkunuz.Application - The following 1 profile is active: "dev"
07 Feb 2024 - 20:06:23.424 INFO  o.s.d.r.c.RepositoryConfigurationDelegate - Bootstrapping Spring Data JPA repositories in DEFAULT mode.
07 Feb 2024 - 20:06:23.515 INFO  o.s.d.r.c.RepositoryConfigurationDelegate - Finished Spring Data repository scanning in 81 ms. Found 8 JPA repository interfaces.
07 Feb 2024 - 20:06:24.079 INFO  o.s.b.w.e.tomcat.TomcatWebServer - Tomcat initialized with port 8080 (http)
07 Feb 2024 - 20:06:24.090 INFO  o.a.catalina.core.StandardService - Starting service [Tomcat]
07 Feb 2024 - 20:06:24.090 INFO  o.a.catalina.core.StandardEngine - Starting Servlet engine: [Apache Tomcat/10.1.18]
07 Feb 2024 - 20:06:24.155 INFO  o.a.c.c.C.[Tomcat].[localhost].[/] - Initializing Spring embedded WebApplicationContext
07 Feb 2024 - 20:06:24.155 INFO  o.s.b.w.s.c.ServletWebServerApplicationContext - Root WebApplicationContext: initialization completed in 1551 ms
07 Feb 2024 - 20:06:24.180 INFO  o.a.catalina.core.StandardContext - Suspicious URL pattern: [/region/adm/**] in context [], see sections 12.1 and 12.2 of the Servlet specification
07 Feb 2024 - 20:06:24.181 INFO  o.a.catalina.core.StandardContext - Suspicious URL pattern: [/articletype/adm/**] in context [], see sections 12.1 and 12.2 of the Servlet specification
07 Feb 2024 - 20:06:24.181 INFO  o.a.catalina.core.StandardContext - Suspicious URL pattern: [/category/adm/**] in context [], see sections 12.1 and 12.2 of the Servlet specification
07 Feb 2024 - 20:06:24.181 INFO  o.a.catalina.core.StandardContext - Suspicious URL pattern: [/profile/adm/**] in context [], see sections 12.1 and 12.2 of the Servlet specification
07 Feb 2024 - 20:06:24.181 INFO  o.a.catalina.core.StandardContext - Suspicious URL pattern: [/article/adm/**] in context [], see sections 12.1 and 12.2 of the Servlet specification
07 Feb 2024 - 20:06:24.311 INFO  o.h.jpa.internal.util.LogHelper - HHH000204: Processing PersistenceUnitInfo [name: default]
07 Feb 2024 - 20:06:24.365 INFO  org.hibernate.Version - HHH000412: Hibernate ORM core version 6.4.1.Final
07 Feb 2024 - 20:06:24.398 INFO  o.h.c.i.RegionFactoryInitiator - HHH000026: Second-level cache disabled
07 Feb 2024 - 20:06:24.638 INFO  o.s.o.j.p.SpringPersistenceUnitInfo - No LoadTimeWeaver setup: ignoring JPA class transformer
07 Feb 2024 - 20:06:24.662 INFO  com.zaxxer.hikari.HikariDataSource - HikariPool-1 - Starting...
07 Feb 2024 - 20:06:24.852 INFO  com.zaxxer.hikari.pool.HikariPool - HikariPool-1 - Added connection org.postgresql.jdbc.PgConnection@64b73e0a
07 Feb 2024 - 20:06:24.854 INFO  com.zaxxer.hikari.HikariDataSource - HikariPool-1 - Start completed.
07 Feb 2024 - 20:06:26.116 INFO  o.h.e.t.j.p.i.JtaPlatformInitiator - HHH000489: No JTA platform available (set 'hibernate.transaction.jta.platform' to enable JTA platform integration)
07 Feb 2024 - 20:06:26.377 INFO  o.s.o.j.LocalContainerEntityManagerFactoryBean - Initialized JPA EntityManagerFactory for persistence unit 'default'
07 Feb 2024 - 20:06:26.681 INFO  o.s.d.j.r.query.QueryEnhancerFactory - Hibernate is in classpath; If applicable, HQL parser will be used.
07 Feb 2024 - 20:06:27.343 WARN  o.s.b.a.o.j.JpaBaseConfiguration$JpaWebConfiguration - spring.jpa.open-in-view is enabled by default. Therefore, database queries may be performed during view rendering. Explicitly configure spring.jpa.open-in-view to disable this warning
07 Feb 2024 - 20:06:27.875 INFO  o.s.b.w.e.tomcat.TomcatWebServer - Tomcat started on port 8080 (http) with context path ''
07 Feb 2024 - 20:06:27.890 INFO  org.example.springkunuz.Application - Started Application in 5.896 seconds (process running for 6.612)
07 Feb 2024 - 20:25:29.926 WARN  com.zaxxer.hikari.pool.HikariPool - HikariPool-1 - Thread starvation or clock leap detected (housekeeper delta=1m4s814ms626µs200ns).
07 Feb 2024 - 20:33:32.944 INFO  o.s.o.j.LocalContainerEntityManagerFactoryBean - Closing JPA EntityManagerFactory for persistence unit 'default'
07 Feb 2024 - 20:33:32.946 INFO  com.zaxxer.hikari.HikariDataSource - HikariPool-1 - Shutdown initiated...
07 Feb 2024 - 20:33:32.951 INFO  com.zaxxer.hikari.HikariDataSource - HikariPool-1 - Shutdown completed.
07 Feb 2024 - 20:33:38.550 INFO  org.example.springkunuz.Application - Starting Application using Java 21.0.1 with PID 6412 (D:\programer\proekt\spring boot projectlar\spring-kun.uz\target\classes started by acer in D:\programer\proekt\spring boot projectlar\spring-kun.uz)
07 Feb 2024 - 20:33:38.562 INFO  org.example.springkunuz.Application - The following 1 profile is active: "dev"
07 Feb 2024 - 20:33:39.280 INFO  o.s.d.r.c.RepositoryConfigurationDelegate - Bootstrapping Spring Data JPA repositories in DEFAULT mode.
07 Feb 2024 - 20:33:39.353 INFO  o.s.d.r.c.RepositoryConfigurationDelegate - Finished Spring Data repository scanning in 65 ms. Found 8 JPA repository interfaces.
07 Feb 2024 - 20:33:39.929 INFO  o.s.b.w.e.tomcat.TomcatWebServer - Tomcat initialized with port 8080 (http)
07 Feb 2024 - 20:33:39.942 INFO  o.a.catalina.core.StandardService - Starting service [Tomcat]
07 Feb 2024 - 20:33:39.943 INFO  o.a.catalina.core.StandardEngine - Starting Servlet engine: [Apache Tomcat/10.1.18]
07 Feb 2024 - 20:33:40.002 INFO  o.a.c.c.C.[Tomcat].[localhost].[/] - Initializing Spring embedded WebApplicationContext
07 Feb 2024 - 20:33:40.002 INFO  o.s.b.w.s.c.ServletWebServerApplicationContext - Root WebApplicationContext: initialization completed in 1397 ms
07 Feb 2024 - 20:33:40.027 INFO  o.a.catalina.core.StandardContext - Suspicious URL pattern: [/region/adm/**] in context [], see sections 12.1 and 12.2 of the Servlet specification
07 Feb 2024 - 20:33:40.027 INFO  o.a.catalina.core.StandardContext - Suspicious URL pattern: [/articletype/adm/**] in context [], see sections 12.1 and 12.2 of the Servlet specification
07 Feb 2024 - 20:33:40.027 INFO  o.a.catalina.core.StandardContext - Suspicious URL pattern: [/category/adm/**] in context [], see sections 12.1 and 12.2 of the Servlet specification
07 Feb 2024 - 20:33:40.027 INFO  o.a.catalina.core.StandardContext - Suspicious URL pattern: [/profile/adm/**] in context [], see sections 12.1 and 12.2 of the Servlet specification
07 Feb 2024 - 20:33:40.028 INFO  o.a.catalina.core.StandardContext - Suspicious URL pattern: [/article/adm/**] in context [], see sections 12.1 and 12.2 of the Servlet specification
07 Feb 2024 - 20:33:40.187 INFO  o.h.jpa.internal.util.LogHelper - HHH000204: Processing PersistenceUnitInfo [name: default]
07 Feb 2024 - 20:33:40.255 INFO  org.hibernate.Version - HHH000412: Hibernate ORM core version 6.4.1.Final
07 Feb 2024 - 20:33:40.291 INFO  o.h.c.i.RegionFactoryInitiator - HHH000026: Second-level cache disabled
07 Feb 2024 - 20:33:40.522 INFO  o.s.o.j.p.SpringPersistenceUnitInfo - No LoadTimeWeaver setup: ignoring JPA class transformer
07 Feb 2024 - 20:33:40.548 INFO  com.zaxxer.hikari.HikariDataSource - HikariPool-1 - Starting...
07 Feb 2024 - 20:33:40.810 INFO  com.zaxxer.hikari.pool.HikariPool - HikariPool-1 - Added connection org.postgresql.jdbc.PgConnection@43755e2f
07 Feb 2024 - 20:33:40.813 INFO  com.zaxxer.hikari.HikariDataSource - HikariPool-1 - Start completed.
07 Feb 2024 - 20:33:42.310 INFO  o.h.e.t.j.p.i.JtaPlatformInitiator - HHH000489: No JTA platform available (set 'hibernate.transaction.jta.platform' to enable JTA platform integration)
07 Feb 2024 - 20:33:42.529 INFO  o.s.o.j.LocalContainerEntityManagerFactoryBean - Initialized JPA EntityManagerFactory for persistence unit 'default'
07 Feb 2024 - 20:33:43.071 INFO  o.s.d.j.r.query.QueryEnhancerFactory - Hibernate is in classpath; If applicable, HQL parser will be used.
07 Feb 2024 - 20:33:43.789 WARN  o.s.b.a.o.j.JpaBaseConfiguration$JpaWebConfiguration - spring.jpa.open-in-view is enabled by default. Therefore, database queries may be performed during view rendering. Explicitly configure spring.jpa.open-in-view to disable this warning
07 Feb 2024 - 20:33:44.210 INFO  o.s.b.w.e.tomcat.TomcatWebServer - Tomcat started on port 8080 (http) with context path ''
07 Feb 2024 - 20:33:44.219 INFO  org.example.springkunuz.Application - Started Application in 6.145 seconds (process running for 7.524)
07 Feb 2024 - 20:34:48.175 INFO  o.a.c.c.C.[Tomcat].[localhost].[/] - Initializing Spring DispatcherServlet 'dispatcherServlet'
07 Feb 2024 - 20:34:48.176 INFO  o.s.web.servlet.DispatcherServlet - Initializing Servlet 'dispatcherServlet'
07 Feb 2024 - 20:34:48.178 INFO  o.s.web.servlet.DispatcherServlet - Completed initialization in 2 ms
07 Feb 2024 - 20:35:09.035 INFO  o.s.o.j.LocalContainerEntityManagerFactoryBean - Closing JPA EntityManagerFactory for persistence unit 'default'
07 Feb 2024 - 20:35:09.037 INFO  com.zaxxer.hikari.HikariDataSource - HikariPool-1 - Shutdown initiated...
07 Feb 2024 - 20:35:09.041 INFO  com.zaxxer.hikari.HikariDataSource - HikariPool-1 - Shutdown completed.
07 Feb 2024 - 20:38:09.165 INFO  org.example.springkunuz.Application - Starting Application using Java 21.0.1 with PID 7580 (D:\programer\proekt\spring boot projectlar\spring-kun.uz\target\classes started by acer in D:\programer\proekt\spring boot projectlar\spring-kun.uz)
07 Feb 2024 - 20:38:09.178 INFO  org.example.springkunuz.Application - The following 1 profile is active: "dev"
07 Feb 2024 - 20:38:10.050 INFO  o.s.d.r.c.RepositoryConfigurationDelegate - Bootstrapping Spring Data JPA repositories in DEFAULT mode.
07 Feb 2024 - 20:38:10.119 INFO  o.s.d.r.c.RepositoryConfigurationDelegate - Finished Spring Data repository scanning in 61 ms. Found 8 JPA repository interfaces.
07 Feb 2024 - 20:38:10.551 INFO  o.s.b.w.e.tomcat.TomcatWebServer - Tomcat initialized with port 8080 (http)
07 Feb 2024 - 20:38:10.561 INFO  o.a.catalina.core.StandardService - Starting service [Tomcat]
07 Feb 2024 - 20:38:10.562 INFO  o.a.catalina.core.StandardEngine - Starting Servlet engine: [Apache Tomcat/10.1.18]
07 Feb 2024 - 20:38:10.626 INFO  o.a.c.c.C.[Tomcat].[localhost].[/] - Initializing Spring embedded WebApplicationContext
07 Feb 2024 - 20:38:10.627 INFO  o.s.b.w.s.c.ServletWebServerApplicationContext - Root WebApplicationContext: initialization completed in 1406 ms
07 Feb 2024 - 20:38:10.648 INFO  o.a.catalina.core.StandardContext - Suspicious URL pattern: [/region/adm/**] in context [], see sections 12.1 and 12.2 of the Servlet specification
07 Feb 2024 - 20:38:10.648 INFO  o.a.catalina.core.StandardContext - Suspicious URL pattern: [/articletype/adm/**] in context [], see sections 12.1 and 12.2 of the Servlet specification
07 Feb 2024 - 20:38:10.649 INFO  o.a.catalina.core.StandardContext - Suspicious URL pattern: [/category/adm/**] in context [], see sections 12.1 and 12.2 of the Servlet specification
07 Feb 2024 - 20:38:10.649 INFO  o.a.catalina.core.StandardContext - Suspicious URL pattern: [/profile/adm/**] in context [], see sections 12.1 and 12.2 of the Servlet specification
07 Feb 2024 - 20:38:10.649 INFO  o.a.catalina.core.StandardContext - Suspicious URL pattern: [/article/adm/**] in context [], see sections 12.1 and 12.2 of the Servlet specification
07 Feb 2024 - 20:38:10.753 INFO  o.h.jpa.internal.util.LogHelper - HHH000204: Processing PersistenceUnitInfo [name: default]
07 Feb 2024 - 20:38:10.817 INFO  org.hibernate.Version - HHH000412: Hibernate ORM core version 6.4.1.Final
07 Feb 2024 - 20:38:10.851 INFO  o.h.c.i.RegionFactoryInitiator - HHH000026: Second-level cache disabled
07 Feb 2024 - 20:38:11.083 INFO  o.s.o.j.p.SpringPersistenceUnitInfo - No LoadTimeWeaver setup: ignoring JPA class transformer
07 Feb 2024 - 20:38:11.103 INFO  com.zaxxer.hikari.HikariDataSource - HikariPool-1 - Starting...
07 Feb 2024 - 20:38:11.259 INFO  com.zaxxer.hikari.pool.HikariPool - HikariPool-1 - Added connection org.postgresql.jdbc.PgConnection@308e87a1
07 Feb 2024 - 20:38:11.261 INFO  com.zaxxer.hikari.HikariDataSource - HikariPool-1 - Start completed.
07 Feb 2024 - 20:38:12.481 INFO  o.h.e.t.j.p.i.JtaPlatformInitiator - HHH000489: No JTA platform available (set 'hibernate.transaction.jta.platform' to enable JTA platform integration)
07 Feb 2024 - 20:38:12.626 INFO  o.s.o.j.LocalContainerEntityManagerFactoryBean - Initialized JPA EntityManagerFactory for persistence unit 'default'
07 Feb 2024 - 20:38:12.892 INFO  o.s.d.j.r.query.QueryEnhancerFactory - Hibernate is in classpath; If applicable, HQL parser will be used.
07 Feb 2024 - 20:38:13.442 WARN  o.s.b.a.o.j.JpaBaseConfiguration$JpaWebConfiguration - spring.jpa.open-in-view is enabled by default. Therefore, database queries may be performed during view rendering. Explicitly configure spring.jpa.open-in-view to disable this warning
07 Feb 2024 - 20:38:13.859 INFO  o.s.b.w.e.tomcat.TomcatWebServer - Tomcat started on port 8080 (http) with context path ''
07 Feb 2024 - 20:38:13.867 INFO  org.example.springkunuz.Application - Started Application in 5.167 seconds (process running for 5.92)
07 Feb 2024 - 20:38:21.567 INFO  o.a.c.c.C.[Tomcat].[localhost].[/] - Initializing Spring DispatcherServlet 'dispatcherServlet'
07 Feb 2024 - 20:38:21.567 INFO  o.s.web.servlet.DispatcherServlet - Initializing Servlet 'dispatcherServlet'
07 Feb 2024 - 20:38:21.569 INFO  o.s.web.servlet.DispatcherServlet - Completed initialization in 2 ms
07 Feb 2024 - 20:38:21.703 INFO  o.e.s.controller.AuthController - Login admin@mail.ru
07 Feb 2024 - 20:38:21.703 WARN  o.e.s.controller.AuthController - Login admin@mail.ru
07 Feb 2024 - 20:38:21.703 ERROR o.e.s.controller.AuthController - Login admin@mail.ru
07 Feb 2024 - 20:38:54.330 WARN  o.h.e.jdbc.spi.SqlExceptionHelper - SQL Error: 0, SQLState: 23505
07 Feb 2024 - 20:38:54.331 ERROR o.h.e.jdbc.spi.SqlExceptionHelper - ERROR: duplicate key value violates unique constraint "profile_email_key"
  Detail: Key (email)=(ozod@gmail.com) already exists.
07 Feb 2024 - 20:38:54.375 ERROR o.e.s.c.ExceptionHandlerController - org.springframework.dao.DataIntegrityViolationException: could not execute statement [ERROR: duplicate key value violates unique constraint "profile_email_key"
  Detail: Key (email)=(ozod@gmail.com) already exists.] [insert into profile (created_date,email,name,password,phone,role,status,surname,updated_date,visible) values (?,?,?,?,?,?,?,?,?,?)]; SQL [insert into profile (created_date,email,name,password,phone,role,status,surname,updated_date,visible) values (?,?,?,?,?,?,?,?,?,?)]; constraint [profile_email_key]
07 Feb 2024 - 20:40:04.156 WARN  o.h.e.jdbc.spi.SqlExceptionHelper - SQL Error: 0, SQLState: 23505
07 Feb 2024 - 20:40:04.156 ERROR o.h.e.jdbc.spi.SqlExceptionHelper - ERROR: duplicate key value violates unique constraint "profile_phone_key"
  Detail: Key (phone)=(123) already exists.
07 Feb 2024 - 20:40:04.162 ERROR o.e.s.c.ExceptionHandlerController - org.springframework.dao.DataIntegrityViolationException: could not execute statement [ERROR: duplicate key value violates unique constraint "profile_phone_key"
  Detail: Key (phone)=(123) already exists.] [insert into profile (created_date,email,name,password,phone,role,status,surname,updated_date,visible) values (?,?,?,?,?,?,?,?,?,?)]; SQL [insert into profile (created_date,email,name,password,phone,role,status,surname,updated_date,visible) values (?,?,?,?,?,?,?,?,?,?)]; constraint [profile_phone_key]
07 Feb 2024 - 20:40:49.255 INFO  o.s.o.j.LocalContainerEntityManagerFactoryBean - Closing JPA EntityManagerFactory for persistence unit 'default'
07 Feb 2024 - 20:40:49.258 INFO  com.zaxxer.hikari.HikariDataSource - HikariPool-1 - Shutdown initiated...
07 Feb 2024 - 20:40:49.261 INFO  com.zaxxer.hikari.HikariDataSource - HikariPool-1 - Shutdown completed.
07 Feb 2024 - 20:40:53.938 INFO  org.example.springkunuz.Application - Starting Application using Java 21.0.1 with PID 2744 (D:\programer\proekt\spring boot projectlar\spring-kun.uz\target\classes started by acer in D:\programer\proekt\spring boot projectlar\spring-kun.uz)
07 Feb 2024 - 20:40:53.953 INFO  org.example.springkunuz.Application - The following 1 profile is active: "dev"
07 Feb 2024 - 20:40:54.727 INFO  o.s.d.r.c.RepositoryConfigurationDelegate - Bootstrapping Spring Data JPA repositories in DEFAULT mode.
07 Feb 2024 - 20:40:54.826 INFO  o.s.d.r.c.RepositoryConfigurationDelegate - Finished Spring Data repository scanning in 92 ms. Found 8 JPA repository interfaces.
07 Feb 2024 - 20:40:55.304 INFO  o.s.b.w.e.tomcat.TomcatWebServer - Tomcat initialized with port 8080 (http)
07 Feb 2024 - 20:40:55.314 INFO  o.a.catalina.core.StandardService - Starting service [Tomcat]
07 Feb 2024 - 20:40:55.314 INFO  o.a.catalina.core.StandardEngine - Starting Servlet engine: [Apache Tomcat/10.1.18]
07 Feb 2024 - 20:40:55.371 INFO  o.a.c.c.C.[Tomcat].[localhost].[/] - Initializing Spring embedded WebApplicationContext
07 Feb 2024 - 20:40:55.372 INFO  o.s.b.w.s.c.ServletWebServerApplicationContext - Root WebApplicationContext: initialization completed in 1350 ms
07 Feb 2024 - 20:40:55.394 INFO  o.a.catalina.core.StandardContext - Suspicious URL pattern: [/region/adm/**] in context [], see sections 12.1 and 12.2 of the Servlet specification
07 Feb 2024 - 20:40:55.395 INFO  o.a.catalina.core.StandardContext - Suspicious URL pattern: [/articletype/adm/**] in context [], see sections 12.1 and 12.2 of the Servlet specification
07 Feb 2024 - 20:40:55.395 INFO  o.a.catalina.core.StandardContext - Suspicious URL pattern: [/category/adm/**] in context [], see sections 12.1 and 12.2 of the Servlet specification
07 Feb 2024 - 20:40:55.395 INFO  o.a.catalina.core.StandardContext - Suspicious URL pattern: [/profile/adm/**] in context [], see sections 12.1 and 12.2 of the Servlet specification
07 Feb 2024 - 20:40:55.395 INFO  o.a.catalina.core.StandardContext - Suspicious URL pattern: [/article/adm/**] in context [], see sections 12.1 and 12.2 of the Servlet specification
07 Feb 2024 - 20:40:55.506 INFO  o.h.jpa.internal.util.LogHelper - HHH000204: Processing PersistenceUnitInfo [name: default]
07 Feb 2024 - 20:40:55.571 INFO  org.hibernate.Version - HHH000412: Hibernate ORM core version 6.4.1.Final
07 Feb 2024 - 20:40:55.615 INFO  o.h.c.i.RegionFactoryInitiator - HHH000026: Second-level cache disabled
07 Feb 2024 - 20:40:55.807 INFO  o.s.o.j.p.SpringPersistenceUnitInfo - No LoadTimeWeaver setup: ignoring JPA class transformer
07 Feb 2024 - 20:40:55.828 INFO  com.zaxxer.hikari.HikariDataSource - HikariPool-1 - Starting...
07 Feb 2024 - 20:40:55.992 INFO  com.zaxxer.hikari.pool.HikariPool - HikariPool-1 - Added connection org.postgresql.jdbc.PgConnection@48c5698
07 Feb 2024 - 20:40:55.994 INFO  com.zaxxer.hikari.HikariDataSource - HikariPool-1 - Start completed.
07 Feb 2024 - 20:40:57.132 INFO  o.h.e.t.j.p.i.JtaPlatformInitiator - HHH000489: No JTA platform available (set 'hibernate.transaction.jta.platform' to enable JTA platform integration)
07 Feb 2024 - 20:40:57.299 INFO  o.s.o.j.LocalContainerEntityManagerFactoryBean - Initialized JPA EntityManagerFactory for persistence unit 'default'
07 Feb 2024 - 20:40:57.642 INFO  o.s.d.j.r.query.QueryEnhancerFactory - Hibernate is in classpath; If applicable, HQL parser will be used.
07 Feb 2024 - 20:40:58.175 WARN  o.s.b.a.o.j.JpaBaseConfiguration$JpaWebConfiguration - spring.jpa.open-in-view is enabled by default. Therefore, database queries may be performed during view rendering. Explicitly configure spring.jpa.open-in-view to disable this warning
07 Feb 2024 - 20:40:58.668 INFO  o.s.b.w.e.tomcat.TomcatWebServer - Tomcat started on port 8080 (http) with context path ''
07 Feb 2024 - 20:40:58.677 INFO  org.example.springkunuz.Application - Started Application in 5.195 seconds (process running for 5.956)
07 Feb 2024 - 20:41:06.265 INFO  o.a.c.c.C.[Tomcat].[localhost].[/] - Initializing Spring DispatcherServlet 'dispatcherServlet'
07 Feb 2024 - 20:41:06.266 INFO  o.s.web.servlet.DispatcherServlet - Initializing Servlet 'dispatcherServlet'
07 Feb 2024 - 20:41:06.269 INFO  o.s.web.servlet.DispatcherServlet - Completed initialization in 3 ms
07 Feb 2024 - 20:41:06.431 INFO  o.e.s.controller.AuthController - Login admin@mail.ru
07 Feb 2024 - 20:41:06.432 WARN  o.e.s.controller.AuthController - Login admin@mail.ru
07 Feb 2024 - 20:41:06.432 ERROR o.e.s.controller.AuthController - Login admin@mail.ru
07 Feb 2024 - 20:41:49.103 WARN  o.h.e.jdbc.spi.SqlExceptionHelper - SQL Error: 0, SQLState: 23505
07 Feb 2024 - 20:41:49.103 ERROR o.h.e.jdbc.spi.SqlExceptionHelper - ERROR: duplicate key value violates unique constraint "profile_phone_key"
  Detail: Key (phone)=(123) already exists.
07 Feb 2024 - 20:41:49.122 ERROR o.e.s.c.ExceptionHandlerController - org.springframework.dao.DataIntegrityViolationException: could not execute statement [ERROR: duplicate key value violates unique constraint "profile_phone_key"
  Detail: Key (phone)=(123) already exists.] [insert into profile (created_date,email,name,password,phone,role,status,surname,updated_date,visible) values (?,?,?,?,?,?,?,?,?,?)]; SQL [insert into profile (created_date,email,name,password,phone,role,status,surname,updated_date,visible) values (?,?,?,?,?,?,?,?,?,?)]; constraint [profile_phone_key]
07 Feb 2024 - 20:42:35.722 INFO  o.s.o.j.LocalContainerEntityManagerFactoryBean - Closing JPA EntityManagerFactory for persistence unit 'default'
07 Feb 2024 - 20:42:35.724 INFO  com.zaxxer.hikari.HikariDataSource - HikariPool-1 - Shutdown initiated...
07 Feb 2024 - 20:42:35.730 INFO  com.zaxxer.hikari.HikariDataSource - HikariPool-1 - Shutdown completed.
07 Feb 2024 - 20:42:40.521 INFO  org.example.springkunuz.Application - Starting Application using Java 21.0.1 with PID 9064 (D:\programer\proekt\spring boot projectlar\spring-kun.uz\target\classes started by acer in D:\programer\proekt\spring boot projectlar\spring-kun.uz)
07 Feb 2024 - 20:42:40.537 INFO  org.example.springkunuz.Application - The following 1 profile is active: "dev"
07 Feb 2024 - 20:42:41.296 INFO  o.s.d.r.c.RepositoryConfigurationDelegate - Bootstrapping Spring Data JPA repositories in DEFAULT mode.
07 Feb 2024 - 20:42:41.396 INFO  o.s.d.r.c.RepositoryConfigurationDelegate - Finished Spring Data repository scanning in 91 ms. Found 8 JPA repository interfaces.
07 Feb 2024 - 20:42:42.023 INFO  o.s.b.w.e.tomcat.TomcatWebServer - Tomcat initialized with port 8080 (http)
07 Feb 2024 - 20:42:42.036 INFO  o.a.catalina.core.StandardService - Starting service [Tomcat]
07 Feb 2024 - 20:42:42.036 INFO  o.a.catalina.core.StandardEngine - Starting Servlet engine: [Apache Tomcat/10.1.18]
07 Feb 2024 - 20:42:42.096 INFO  o.a.c.c.C.[Tomcat].[localhost].[/] - Initializing Spring embedded WebApplicationContext
07 Feb 2024 - 20:42:42.096 INFO  o.s.b.w.s.c.ServletWebServerApplicationContext - Root WebApplicationContext: initialization completed in 1501 ms
07 Feb 2024 - 20:42:42.123 INFO  o.a.catalina.core.StandardContext - Suspicious URL pattern: [/region/adm/**] in context [], see sections 12.1 and 12.2 of the Servlet specification
07 Feb 2024 - 20:42:42.124 INFO  o.a.catalina.core.StandardContext - Suspicious URL pattern: [/articletype/adm/**] in context [], see sections 12.1 and 12.2 of the Servlet specification
07 Feb 2024 - 20:42:42.124 INFO  o.a.catalina.core.StandardContext - Suspicious URL pattern: [/category/adm/**] in context [], see sections 12.1 and 12.2 of the Servlet specification
07 Feb 2024 - 20:42:42.124 INFO  o.a.catalina.core.StandardContext - Suspicious URL pattern: [/profile/adm/**] in context [], see sections 12.1 and 12.2 of the Servlet specification
07 Feb 2024 - 20:42:42.124 INFO  o.a.catalina.core.StandardContext - Suspicious URL pattern: [/article/adm/**] in context [], see sections 12.1 and 12.2 of the Servlet specification
07 Feb 2024 - 20:42:42.291 INFO  o.h.jpa.internal.util.LogHelper - HHH000204: Processing PersistenceUnitInfo [name: default]
07 Feb 2024 - 20:42:42.358 INFO  org.hibernate.Version - HHH000412: Hibernate ORM core version 6.4.1.Final
07 Feb 2024 - 20:42:42.390 INFO  o.h.c.i.RegionFactoryInitiator - HHH000026: Second-level cache disabled
07 Feb 2024 - 20:42:42.639 INFO  o.s.o.j.p.SpringPersistenceUnitInfo - No LoadTimeWeaver setup: ignoring JPA class transformer
07 Feb 2024 - 20:42:42.669 INFO  com.zaxxer.hikari.HikariDataSource - HikariPool-1 - Starting...
07 Feb 2024 - 20:42:42.840 INFO  com.zaxxer.hikari.pool.HikariPool - HikariPool-1 - Added connection org.postgresql.jdbc.PgConnection@69d2e517
07 Feb 2024 - 20:42:42.842 INFO  com.zaxxer.hikari.HikariDataSource - HikariPool-1 - Start completed.
07 Feb 2024 - 20:42:44.059 INFO  o.h.e.t.j.p.i.JtaPlatformInitiator - HHH000489: No JTA platform available (set 'hibernate.transaction.jta.platform' to enable JTA platform integration)
07 Feb 2024 - 20:42:44.183 INFO  o.s.o.j.LocalContainerEntityManagerFactoryBean - Initialized JPA EntityManagerFactory for persistence unit 'default'
07 Feb 2024 - 20:42:44.492 INFO  o.s.d.j.r.query.QueryEnhancerFactory - Hibernate is in classpath; If applicable, HQL parser will be used.
07 Feb 2024 - 20:42:45.054 WARN  o.s.b.a.o.j.JpaBaseConfiguration$JpaWebConfiguration - spring.jpa.open-in-view is enabled by default. Therefore, database queries may be performed during view rendering. Explicitly configure spring.jpa.open-in-view to disable this warning
07 Feb 2024 - 20:42:45.467 INFO  o.s.b.w.e.tomcat.TomcatWebServer - Tomcat started on port 8080 (http) with context path ''
07 Feb 2024 - 20:42:45.475 INFO  org.example.springkunuz.Application - Started Application in 5.518 seconds (process running for 6.439)
07 Feb 2024 - 20:42:48.301 INFO  o.a.c.c.C.[Tomcat].[localhost].[/] - Initializing Spring DispatcherServlet 'dispatcherServlet'
07 Feb 2024 - 20:42:48.302 INFO  o.s.web.servlet.DispatcherServlet - Initializing Servlet 'dispatcherServlet'
07 Feb 2024 - 20:42:48.305 INFO  o.s.web.servlet.DispatcherServlet - Completed initialization in 3 ms
07 Feb 2024 - 20:42:57.862 WARN  o.h.e.jdbc.spi.SqlExceptionHelper - SQL Error: 0, SQLState: 23505
07 Feb 2024 - 20:42:57.862 ERROR o.h.e.jdbc.spi.SqlExceptionHelper - ERROR: duplicate key value violates unique constraint "profile_phone_key"
  Detail: Key (phone)=(123) already exists.
07 Feb 2024 - 20:45:10.461 WARN  com.zaxxer.hikari.pool.HikariPool - HikariPool-1 - Thread starvation or clock leap detected (housekeeper delta=2m27s510ms443µs300ns).
07 Feb 2024 - 20:45:10.471 ERROR o.e.s.c.ExceptionHandlerController - org.springframework.dao.DataIntegrityViolationException: could not execute statement [ERROR: duplicate key value violates unique constraint "profile_phone_key"
  Detail: Key (phone)=(123) already exists.] [insert into profile (created_date,email,name,password,phone,role,status,surname,updated_date,visible) values (?,?,?,?,?,?,?,?,?,?)]; SQL [insert into profile (created_date,email,name,password,phone,role,status,surname,updated_date,visible) values (?,?,?,?,?,?,?,?,?,?)]; constraint [profile_phone_key]
07 Feb 2024 - 20:45:10.536 INFO  o.s.o.j.LocalContainerEntityManagerFactoryBean - Closing JPA EntityManagerFactory for persistence unit 'default'
07 Feb 2024 - 20:45:10.538 INFO  com.zaxxer.hikari.HikariDataSource - HikariPool-1 - Shutdown initiated...
07 Feb 2024 - 20:45:10.545 INFO  com.zaxxer.hikari.HikariDataSource - HikariPool-1 - Shutdown completed.
07 Feb 2024 - 20:45:13.928 INFO  org.example.springkunuz.Application - Starting Application using Java 21.0.1 with PID 7280 (D:\programer\proekt\spring boot projectlar\spring-kun.uz\target\classes started by acer in D:\programer\proekt\spring boot projectlar\spring-kun.uz)
07 Feb 2024 - 20:45:13.944 INFO  org.example.springkunuz.Application - The following 1 profile is active: "dev"
07 Feb 2024 - 20:45:14.717 INFO  o.s.d.r.c.RepositoryConfigurationDelegate - Bootstrapping Spring Data JPA repositories in DEFAULT mode.
07 Feb 2024 - 20:45:14.793 INFO  o.s.d.r.c.RepositoryConfigurationDelegate - Finished Spring Data repository scanning in 68 ms. Found 8 JPA repository interfaces.
07 Feb 2024 - 20:45:15.342 INFO  o.s.b.w.e.tomcat.TomcatWebServer - Tomcat initialized with port 8080 (http)
07 Feb 2024 - 20:45:15.354 INFO  o.a.catalina.core.StandardService - Starting service [Tomcat]
07 Feb 2024 - 20:45:15.354 INFO  o.a.catalina.core.StandardEngine - Starting Servlet engine: [Apache Tomcat/10.1.18]
07 Feb 2024 - 20:45:15.412 INFO  o.a.c.c.C.[Tomcat].[localhost].[/] - Initializing Spring embedded WebApplicationContext
07 Feb 2024 - 20:45:15.413 INFO  o.s.b.w.s.c.ServletWebServerApplicationContext - Root WebApplicationContext: initialization completed in 1414 ms
07 Feb 2024 - 20:45:15.439 INFO  o.a.catalina.core.StandardContext - Suspicious URL pattern: [/region/adm/**] in context [], see sections 12.1 and 12.2 of the Servlet specification
07 Feb 2024 - 20:45:15.439 INFO  o.a.catalina.core.StandardContext - Suspicious URL pattern: [/articletype/adm/**] in context [], see sections 12.1 and 12.2 of the Servlet specification
07 Feb 2024 - 20:45:15.440 INFO  o.a.catalina.core.StandardContext - Suspicious URL pattern: [/category/adm/**] in context [], see sections 12.1 and 12.2 of the Servlet specification
07 Feb 2024 - 20:45:15.440 INFO  o.a.catalina.core.StandardContext - Suspicious URL pattern: [/profile/adm/**] in context [], see sections 12.1 and 12.2 of the Servlet specification
07 Feb 2024 - 20:45:15.440 INFO  o.a.catalina.core.StandardContext - Suspicious URL pattern: [/article/adm/**] in context [], see sections 12.1 and 12.2 of the Servlet specification
07 Feb 2024 - 20:45:15.583 INFO  o.h.jpa.internal.util.LogHelper - HHH000204: Processing PersistenceUnitInfo [name: default]
07 Feb 2024 - 20:45:15.663 INFO  org.hibernate.Version - HHH000412: Hibernate ORM core version 6.4.1.Final
07 Feb 2024 - 20:45:15.698 INFO  o.h.c.i.RegionFactoryInitiator - HHH000026: Second-level cache disabled
07 Feb 2024 - 20:45:16.003 INFO  o.s.o.j.p.SpringPersistenceUnitInfo - No LoadTimeWeaver setup: ignoring JPA class transformer
07 Feb 2024 - 20:45:16.034 INFO  com.zaxxer.hikari.HikariDataSource - HikariPool-1 - Starting...
07 Feb 2024 - 20:45:16.281 INFO  com.zaxxer.hikari.pool.HikariPool - HikariPool-1 - Added connection org.postgresql.jdbc.PgConnection@45c90a05
07 Feb 2024 - 20:45:16.284 INFO  com.zaxxer.hikari.HikariDataSource - HikariPool-1 - Start completed.
07 Feb 2024 - 20:45:17.603 INFO  o.h.e.t.j.p.i.JtaPlatformInitiator - HHH000489: No JTA platform available (set 'hibernate.transaction.jta.platform' to enable JTA platform integration)
07 Feb 2024 - 20:45:17.732 INFO  o.s.o.j.LocalContainerEntityManagerFactoryBean - Initialized JPA EntityManagerFactory for persistence unit 'default'
07 Feb 2024 - 20:45:18.073 INFO  o.s.d.j.r.query.QueryEnhancerFactory - Hibernate is in classpath; If applicable, HQL parser will be used.
07 Feb 2024 - 20:45:18.645 WARN  o.s.b.a.o.j.JpaBaseConfiguration$JpaWebConfiguration - spring.jpa.open-in-view is enabled by default. Therefore, database queries may be performed during view rendering. Explicitly configure spring.jpa.open-in-view to disable this warning
07 Feb 2024 - 20:45:19.067 INFO  o.s.b.w.e.tomcat.TomcatWebServer - Tomcat started on port 8080 (http) with context path ''
07 Feb 2024 - 20:45:19.075 INFO  org.example.springkunuz.Application - Started Application in 5.717 seconds (process running for 7.005)
07 Feb 2024 - 20:45:26.219 INFO  o.a.c.c.C.[Tomcat].[localhost].[/] - Initializing Spring DispatcherServlet 'dispatcherServlet'
07 Feb 2024 - 20:45:26.219 INFO  o.s.web.servlet.DispatcherServlet - Initializing Servlet 'dispatcherServlet'
07 Feb 2024 - 20:45:26.220 INFO  o.s.web.servlet.DispatcherServlet - Completed initialization in 1 ms
07 Feb 2024 - 20:45:33.984 WARN  o.h.e.jdbc.spi.SqlExceptionHelper - SQL Error: 0, SQLState: 23505
07 Feb 2024 - 20:45:33.985 ERROR o.h.e.jdbc.spi.SqlExceptionHelper - ERROR: duplicate key value violates unique constraint "profile_phone_key"
  Detail: Key (phone)=(123) already exists.
07 Feb 2024 - 20:46:22.653 WARN  com.zaxxer.hikari.pool.HikariPool - HikariPool-1 - Thread starvation or clock leap detected (housekeeper delta=1m6s259ms361µs500ns).
07 Feb 2024 - 20:46:22.663 ERROR o.e.s.c.ExceptionHandlerController - org.springframework.dao.DataIntegrityViolationException: could not execute statement [ERROR: duplicate key value violates unique constraint "profile_phone_key"
  Detail: Key (phone)=(123) already exists.] [insert into profile (created_date,email,name,password,phone,role,status,surname,updated_date,visible) values (?,?,?,?,?,?,?,?,?,?)]; SQL [insert into profile (created_date,email,name,password,phone,role,status,surname,updated_date,visible) values (?,?,?,?,?,?,?,?,?,?)]; constraint [profile_phone_key]
07 Feb 2024 - 20:46:22.724 INFO  o.s.o.j.LocalContainerEntityManagerFactoryBean - Closing JPA EntityManagerFactory for persistence unit 'default'
07 Feb 2024 - 20:46:22.727 INFO  com.zaxxer.hikari.HikariDataSource - HikariPool-1 - Shutdown initiated...
07 Feb 2024 - 20:46:22.732 INFO  com.zaxxer.hikari.HikariDataSource - HikariPool-1 - Shutdown completed.
07 Feb 2024 - 20:46:26.045 INFO  org.example.springkunuz.Application - Starting Application using Java 21.0.1 with PID 2248 (D:\programer\proekt\spring boot projectlar\spring-kun.uz\target\classes started by acer in D:\programer\proekt\spring boot projectlar\spring-kun.uz)
07 Feb 2024 - 20:46:26.075 INFO  org.example.springkunuz.Application - The following 1 profile is active: "dev"
07 Feb 2024 - 20:46:26.828 INFO  o.s.d.r.c.RepositoryConfigurationDelegate - Bootstrapping Spring Data JPA repositories in DEFAULT mode.
07 Feb 2024 - 20:46:26.893 INFO  o.s.d.r.c.RepositoryConfigurationDelegate - Finished Spring Data repository scanning in 60 ms. Found 8 JPA repository interfaces.
07 Feb 2024 - 20:46:27.330 INFO  o.s.b.w.e.tomcat.TomcatWebServer - Tomcat initialized with port 8080 (http)
07 Feb 2024 - 20:46:27.340 INFO  o.a.catalina.core.StandardService - Starting service [Tomcat]
07 Feb 2024 - 20:46:27.340 INFO  o.a.catalina.core.StandardEngine - Starting Servlet engine: [Apache Tomcat/10.1.18]
07 Feb 2024 - 20:46:27.393 INFO  o.a.c.c.C.[Tomcat].[localhost].[/] - Initializing Spring embedded WebApplicationContext
07 Feb 2024 - 20:46:27.394 INFO  o.s.b.w.s.c.ServletWebServerApplicationContext - Root WebApplicationContext: initialization completed in 1245 ms
07 Feb 2024 - 20:46:27.417 INFO  o.a.catalina.core.StandardContext - Suspicious URL pattern: [/region/adm/**] in context [], see sections 12.1 and 12.2 of the Servlet specification
07 Feb 2024 - 20:46:27.418 INFO  o.a.catalina.core.StandardContext - Suspicious URL pattern: [/articletype/adm/**] in context [], see sections 12.1 and 12.2 of the Servlet specification
07 Feb 2024 - 20:46:27.418 INFO  o.a.catalina.core.StandardContext - Suspicious URL pattern: [/category/adm/**] in context [], see sections 12.1 and 12.2 of the Servlet specification
07 Feb 2024 - 20:46:27.418 INFO  o.a.catalina.core.StandardContext - Suspicious URL pattern: [/profile/adm/**] in context [], see sections 12.1 and 12.2 of the Servlet specification
07 Feb 2024 - 20:46:27.418 INFO  o.a.catalina.core.StandardContext - Suspicious URL pattern: [/article/adm/**] in context [], see sections 12.1 and 12.2 of the Servlet specification
07 Feb 2024 - 20:46:27.540 INFO  o.h.jpa.internal.util.LogHelper - HHH000204: Processing PersistenceUnitInfo [name: default]
07 Feb 2024 - 20:46:27.619 INFO  org.hibernate.Version - HHH000412: Hibernate ORM core version 6.4.1.Final
07 Feb 2024 - 20:46:27.657 INFO  o.h.c.i.RegionFactoryInitiator - HHH000026: Second-level cache disabled
07 Feb 2024 - 20:46:27.886 INFO  o.s.o.j.p.SpringPersistenceUnitInfo - No LoadTimeWeaver setup: ignoring JPA class transformer
07 Feb 2024 - 20:46:27.907 INFO  com.zaxxer.hikari.HikariDataSource - HikariPool-1 - Starting...
07 Feb 2024 - 20:46:28.080 INFO  com.zaxxer.hikari.pool.HikariPool - HikariPool-1 - Added connection org.postgresql.jdbc.PgConnection@68e24e7
07 Feb 2024 - 20:46:28.081 INFO  com.zaxxer.hikari.HikariDataSource - HikariPool-1 - Start completed.
07 Feb 2024 - 20:46:29.364 INFO  o.h.e.t.j.p.i.JtaPlatformInitiator - HHH000489: No JTA platform available (set 'hibernate.transaction.jta.platform' to enable JTA platform integration)
07 Feb 2024 - 20:46:29.677 INFO  o.s.o.j.LocalContainerEntityManagerFactoryBean - Initialized JPA EntityManagerFactory for persistence unit 'default'
07 Feb 2024 - 20:46:30.270 INFO  o.s.d.j.r.query.QueryEnhancerFactory - Hibernate is in classpath; If applicable, HQL parser will be used.
07 Feb 2024 - 20:46:30.920 WARN  o.s.b.a.o.j.JpaBaseConfiguration$JpaWebConfiguration - spring.jpa.open-in-view is enabled by default. Therefore, database queries may be performed during view rendering. Explicitly configure spring.jpa.open-in-view to disable this warning
07 Feb 2024 - 20:46:31.307 INFO  o.s.b.w.e.tomcat.TomcatWebServer - Tomcat started on port 8080 (http) with context path ''
07 Feb 2024 - 20:46:31.316 INFO  org.example.springkunuz.Application - Started Application in 5.831 seconds (process running for 6.516)
07 Feb 2024 - 20:46:41.446 INFO  o.a.c.c.C.[Tomcat].[localhost].[/] - Initializing Spring DispatcherServlet 'dispatcherServlet'
07 Feb 2024 - 20:46:41.446 INFO  o.s.web.servlet.DispatcherServlet - Initializing Servlet 'dispatcherServlet'
07 Feb 2024 - 20:46:41.448 INFO  o.s.web.servlet.DispatcherServlet - Completed initialization in 1 ms
07 Feb 2024 - 20:46:41.596 INFO  o.e.s.controller.AuthController - Login admin@mail.ru
07 Feb 2024 - 20:46:41.596 WARN  o.e.s.controller.AuthController - Login admin@mail.ru
07 Feb 2024 - 20:46:41.596 ERROR o.e.s.controller.AuthController - Login admin@mail.ru
07 Feb 2024 - 20:48:20.917 INFO  o.e.s.controller.AuthController - Login ali@gmail.com
07 Feb 2024 - 20:48:20.918 WARN  o.e.s.controller.AuthController - Login ali@gmail.com
07 Feb 2024 - 20:48:20.918 ERROR o.e.s.controller.AuthController - Login ali@gmail.com
07 Feb 2024 - 20:49:35.305 INFO  o.s.o.j.LocalContainerEntityManagerFactoryBean - Closing JPA EntityManagerFactory for persistence unit 'default'
07 Feb 2024 - 20:49:35.306 INFO  com.zaxxer.hikari.HikariDataSource - HikariPool-1 - Shutdown initiated...
07 Feb 2024 - 20:49:35.310 INFO  com.zaxxer.hikari.HikariDataSource - HikariPool-1 - Shutdown completed.
07 Feb 2024 - 20:56:29.634 INFO  org.example.springkunuz.Application - Starting Application using Java 21.0.1 with PID 12040 (D:\programer\proekt\spring boot projectlar\spring-kun.uz\target\classes started by acer in D:\programer\proekt\spring boot projectlar\spring-kun.uz)
07 Feb 2024 - 20:56:29.651 INFO  org.example.springkunuz.Application - The following 1 profile is active: "dev"
07 Feb 2024 - 20:56:30.453 INFO  o.s.d.r.c.RepositoryConfigurationDelegate - Bootstrapping Spring Data JPA repositories in DEFAULT mode.
07 Feb 2024 - 20:56:30.515 INFO  o.s.d.r.c.RepositoryConfigurationDelegate - Finished Spring Data repository scanning in 56 ms. Found 8 JPA repository interfaces.
07 Feb 2024 - 20:56:30.964 INFO  o.s.b.w.e.tomcat.TomcatWebServer - Tomcat initialized with port 8080 (http)
07 Feb 2024 - 20:56:30.973 INFO  o.a.catalina.core.StandardService - Starting service [Tomcat]
07 Feb 2024 - 20:56:30.973 INFO  o.a.catalina.core.StandardEngine - Starting Servlet engine: [Apache Tomcat/10.1.18]
07 Feb 2024 - 20:56:31.039 INFO  o.a.c.c.C.[Tomcat].[localhost].[/] - Initializing Spring embedded WebApplicationContext
07 Feb 2024 - 20:56:31.040 INFO  o.s.b.w.s.c.ServletWebServerApplicationContext - Root WebApplicationContext: initialization completed in 1345 ms
07 Feb 2024 - 20:56:31.061 INFO  o.a.catalina.core.StandardContext - Suspicious URL pattern: [/region/adm/**] in context [], see sections 12.1 and 12.2 of the Servlet specification
07 Feb 2024 - 20:56:31.061 INFO  o.a.catalina.core.StandardContext - Suspicious URL pattern: [/articletype/adm/**] in context [], see sections 12.1 and 12.2 of the Servlet specification
07 Feb 2024 - 20:56:31.063 INFO  o.a.catalina.core.StandardContext - Suspicious URL pattern: [/category/adm/**] in context [], see sections 12.1 and 12.2 of the Servlet specification
07 Feb 2024 - 20:56:31.063 INFO  o.a.catalina.core.StandardContext - Suspicious URL pattern: [/profile/adm/**] in context [], see sections 12.1 and 12.2 of the Servlet specification
07 Feb 2024 - 20:56:31.063 INFO  o.a.catalina.core.StandardContext - Suspicious URL pattern: [/article/adm/**] in context [], see sections 12.1 and 12.2 of the Servlet specification
07 Feb 2024 - 20:56:31.165 INFO  o.h.jpa.internal.util.LogHelper - HHH000204: Processing PersistenceUnitInfo [name: default]
07 Feb 2024 - 20:56:31.224 INFO  org.hibernate.Version - HHH000412: Hibernate ORM core version 6.4.1.Final
07 Feb 2024 - 20:56:31.260 INFO  o.h.c.i.RegionFactoryInitiator - HHH000026: Second-level cache disabled
07 Feb 2024 - 20:56:31.468 INFO  o.s.o.j.p.SpringPersistenceUnitInfo - No LoadTimeWeaver setup: ignoring JPA class transformer
07 Feb 2024 - 20:56:31.493 INFO  com.zaxxer.hikari.HikariDataSource - HikariPool-1 - Starting...
07 Feb 2024 - 20:56:31.664 INFO  com.zaxxer.hikari.pool.HikariPool - HikariPool-1 - Added connection org.postgresql.jdbc.PgConnection@c6a692e
07 Feb 2024 - 20:56:31.666 INFO  com.zaxxer.hikari.HikariDataSource - HikariPool-1 - Start completed.
07 Feb 2024 - 20:56:32.728 INFO  o.h.e.t.j.p.i.JtaPlatformInitiator - HHH000489: No JTA platform available (set 'hibernate.transaction.jta.platform' to enable JTA platform integration)
07 Feb 2024 - 20:56:32.851 INFO  o.s.o.j.LocalContainerEntityManagerFactoryBean - Initialized JPA EntityManagerFactory for persistence unit 'default'
07 Feb 2024 - 20:56:33.275 INFO  o.s.d.j.r.query.QueryEnhancerFactory - Hibernate is in classpath; If applicable, HQL parser will be used.
07 Feb 2024 - 20:56:33.903 WARN  o.s.b.a.o.j.JpaBaseConfiguration$JpaWebConfiguration - spring.jpa.open-in-view is enabled by default. Therefore, database queries may be performed during view rendering. Explicitly configure spring.jpa.open-in-view to disable this warning
07 Feb 2024 - 20:56:34.635 WARN  o.s.b.w.s.c.AnnotationConfigServletWebServerApplicationContext - Exception encountered during context initialization - cancelling refresh attempt: org.springframework.beans.factory.BeanCreationException: Error creating bean with name 'org.springdoc.core.configuration.SpringDocKotlinConfiguration': Failed to instantiate [org.springdoc.core.configuration.SpringDocKotlinConfiguration]: Constructor threw exception
07 Feb 2024 - 20:56:34.637 INFO  o.s.o.j.LocalContainerEntityManagerFactoryBean - Closing JPA EntityManagerFactory for persistence unit 'default'
07 Feb 2024 - 20:56:34.639 INFO  com.zaxxer.hikari.HikariDataSource - HikariPool-1 - Shutdown initiated...
07 Feb 2024 - 20:56:34.643 INFO  com.zaxxer.hikari.HikariDataSource - HikariPool-1 - Shutdown completed.
07 Feb 2024 - 20:56:34.645 INFO  o.a.catalina.core.StandardService - Stopping service [Tomcat]
07 Feb 2024 - 20:56:34.657 INFO  o.s.b.a.l.ConditionEvaluationReportLogger - 

Error starting ApplicationContext. To display the condition evaluation report re-run your application with 'debug' enabled.
07 Feb 2024 - 20:56:34.675 ERROR o.s.boot.SpringApplication - Application run failed
org.springframework.beans.factory.BeanCreationException: Error creating bean with name 'org.springdoc.core.configuration.SpringDocKotlinConfiguration': Failed to instantiate [org.springdoc.core.configuration.SpringDocKotlinConfiguration]: Constructor threw exception
	at org.springframework.beans.factory.support.ConstructorResolver.instantiate(ConstructorResolver.java:318)
	at org.springframework.beans.factory.support.ConstructorResolver.autowireConstructor(ConstructorResolver.java:306)
	at org.springframework.beans.factory.support.AbstractAutowireCapableBeanFactory.autowireConstructor(AbstractAutowireCapableBeanFactory.java:1354)
	at org.springframework.beans.factory.support.AbstractAutowireCapableBeanFactory.createBeanInstance(AbstractAutowireCapableBeanFactory.java:1191)
	at org.springframework.beans.factory.support.AbstractAutowireCapableBeanFactory.doCreateBean(AbstractAutowireCapableBeanFactory.java:561)
	at org.springframework.beans.factory.support.AbstractAutowireCapableBeanFactory.createBean(AbstractAutowireCapableBeanFactory.java:521)
	at org.springframework.beans.factory.support.AbstractBeanFactory.lambda$doGetBean$0(AbstractBeanFactory.java:325)
	at org.springframework.beans.factory.support.DefaultSingletonBeanRegistry.getSingleton(DefaultSingletonBeanRegistry.java:234)
	at org.springframework.beans.factory.support.AbstractBeanFactory.doGetBean(AbstractBeanFactory.java:323)
	at org.springframework.beans.factory.support.AbstractBeanFactory.getBean(AbstractBeanFactory.java:199)
	at org.springframework.beans.factory.support.DefaultListableBeanFactory.preInstantiateSingletons(DefaultListableBeanFactory.java:975)
	at org.springframework.context.support.AbstractApplicationContext.finishBeanFactoryInitialization(AbstractApplicationContext.java:959)
	at org.springframework.context.support.AbstractApplicationContext.refresh(AbstractApplicationContext.java:624)
	at org.springframework.boot.web.servlet.context.ServletWebServerApplicationContext.refresh(ServletWebServerApplicationContext.java:146)
	at org.springframework.boot.SpringApplication.refresh(SpringApplication.java:754)
	at org.springframework.boot.SpringApplication.refreshContext(SpringApplication.java:456)
	at org.springframework.boot.SpringApplication.run(SpringApplication.java:334)
	at org.springframework.boot.SpringApplication.run(SpringApplication.java:1354)
	at org.springframework.boot.SpringApplication.run(SpringApplication.java:1343)
	at org.example.springkunuz.Application.main(Application.java:9)
Caused by: org.springframework.beans.BeanInstantiationException: Failed to instantiate [org.springdoc.core.configuration.SpringDocKotlinConfiguration]: Constructor threw exception
	at org.springframework.beans.BeanUtils.instantiateClass(BeanUtils.java:223)
	at org.springframework.beans.factory.support.SimpleInstantiationStrategy.instantiate(SimpleInstantiationStrategy.java:111)
	at org.springframework.beans.factory.support.ConstructorResolver.instantiate(ConstructorResolver.java:315)
	... 19 common frames omitted
Caused by: java.lang.NoClassDefFoundError: com/fasterxml/jackson/module/kotlin/KotlinModule$Builder
	at org.springdoc.core.configuration.SpringDocKotlinConfiguration.<init>(SpringDocKotlinConfiguration.kt:47)
	at java.base/jdk.internal.reflect.DirectConstructorHandleAccessor.newInstance(DirectConstructorHandleAccessor.java:62)
	at java.base/java.lang.reflect.Constructor.newInstanceWithCaller(Constructor.java:502)
	at java.base/java.lang.reflect.Constructor.newInstance(Constructor.java:486)
	at org.springframework.beans.BeanUtils.instantiateClass(BeanUtils.java:210)
	... 21 common frames omitted
Caused by: java.lang.ClassNotFoundException: com.fasterxml.jackson.module.kotlin.KotlinModule$Builder
	at java.base/jdk.internal.loader.BuiltinClassLoader.loadClass(BuiltinClassLoader.java:641)
	at java.base/jdk.internal.loader.ClassLoaders$AppClassLoader.loadClass(ClassLoaders.java:188)
	at java.base/java.lang.ClassLoader.loadClass(ClassLoader.java:526)
	... 26 common frames omitted
07 Feb 2024 - 20:59:35.514 INFO  org.example.springkunuz.Application - Starting Application using Java 21.0.1 with PID 12408 (D:\programer\proekt\spring boot projectlar\spring-kun.uz\target\classes started by acer in D:\programer\proekt\spring boot projectlar\spring-kun.uz)
07 Feb 2024 - 20:59:35.535 INFO  org.example.springkunuz.Application - The following 1 profile is active: "dev"
07 Feb 2024 - 20:59:36.381 INFO  o.s.d.r.c.RepositoryConfigurationDelegate - Bootstrapping Spring Data JPA repositories in DEFAULT mode.
07 Feb 2024 - 20:59:36.441 INFO  o.s.d.r.c.RepositoryConfigurationDelegate - Finished Spring Data repository scanning in 54 ms. Found 8 JPA repository interfaces.
07 Feb 2024 - 20:59:36.881 INFO  o.s.b.w.e.tomcat.TomcatWebServer - Tomcat initialized with port 8080 (http)
07 Feb 2024 - 20:59:36.890 INFO  o.a.catalina.core.StandardService - Starting service [Tomcat]
07 Feb 2024 - 20:59:36.891 INFO  o.a.catalina.core.StandardEngine - Starting Servlet engine: [Apache Tomcat/10.1.18]
07 Feb 2024 - 20:59:36.951 INFO  o.a.c.c.C.[Tomcat].[localhost].[/] - Initializing Spring embedded WebApplicationContext
07 Feb 2024 - 20:59:36.951 INFO  o.s.b.w.s.c.ServletWebServerApplicationContext - Root WebApplicationContext: initialization completed in 1358 ms
07 Feb 2024 - 20:59:36.972 INFO  o.a.catalina.core.StandardContext - Suspicious URL pattern: [/region/adm/**] in context [], see sections 12.1 and 12.2 of the Servlet specification
07 Feb 2024 - 20:59:36.972 INFO  o.a.catalina.core.StandardContext - Suspicious URL pattern: [/articletype/adm/**] in context [], see sections 12.1 and 12.2 of the Servlet specification
07 Feb 2024 - 20:59:36.972 INFO  o.a.catalina.core.StandardContext - Suspicious URL pattern: [/category/adm/**] in context [], see sections 12.1 and 12.2 of the Servlet specification
07 Feb 2024 - 20:59:36.973 INFO  o.a.catalina.core.StandardContext - Suspicious URL pattern: [/profile/adm/**] in context [], see sections 12.1 and 12.2 of the Servlet specification
07 Feb 2024 - 20:59:36.973 INFO  o.a.catalina.core.StandardContext - Suspicious URL pattern: [/article/adm/**] in context [], see sections 12.1 and 12.2 of the Servlet specification
07 Feb 2024 - 20:59:37.073 INFO  o.h.jpa.internal.util.LogHelper - HHH000204: Processing PersistenceUnitInfo [name: default]
07 Feb 2024 - 20:59:37.146 INFO  org.hibernate.Version - HHH000412: Hibernate ORM core version 6.4.1.Final
07 Feb 2024 - 20:59:37.193 INFO  o.h.c.i.RegionFactoryInitiator - HHH000026: Second-level cache disabled
07 Feb 2024 - 20:59:37.419 INFO  o.s.o.j.p.SpringPersistenceUnitInfo - No LoadTimeWeaver setup: ignoring JPA class transformer
07 Feb 2024 - 20:59:37.441 INFO  com.zaxxer.hikari.HikariDataSource - HikariPool-1 - Starting...
07 Feb 2024 - 20:59:37.618 INFO  com.zaxxer.hikari.pool.HikariPool - HikariPool-1 - Added connection org.postgresql.jdbc.PgConnection@7645e64
07 Feb 2024 - 20:59:37.620 INFO  com.zaxxer.hikari.HikariDataSource - HikariPool-1 - Start completed.
07 Feb 2024 - 20:59:38.783 INFO  o.h.e.t.j.p.i.JtaPlatformInitiator - HHH000489: No JTA platform available (set 'hibernate.transaction.jta.platform' to enable JTA platform integration)
07 Feb 2024 - 20:59:38.917 INFO  o.s.o.j.LocalContainerEntityManagerFactoryBean - Initialized JPA EntityManagerFactory for persistence unit 'default'
07 Feb 2024 - 20:59:39.212 INFO  o.s.d.j.r.query.QueryEnhancerFactory - Hibernate is in classpath; If applicable, HQL parser will be used.
07 Feb 2024 - 20:59:39.781 WARN  o.s.b.a.o.j.JpaBaseConfiguration$JpaWebConfiguration - spring.jpa.open-in-view is enabled by default. Therefore, database queries may be performed during view rendering. Explicitly configure spring.jpa.open-in-view to disable this warning
07 Feb 2024 - 20:59:40.272 INFO  o.s.b.w.e.tomcat.TomcatWebServer - Tomcat started on port 8080 (http) with context path ''
07 Feb 2024 - 20:59:40.281 INFO  org.example.springkunuz.Application - Started Application in 5.268 seconds (process running for 6.187)
07 Feb 2024 - 21:00:09.453 INFO  o.a.c.c.C.[Tomcat].[localhost].[/] - Initializing Spring DispatcherServlet 'dispatcherServlet'
07 Feb 2024 - 21:00:09.454 INFO  o.s.web.servlet.DispatcherServlet - Initializing Servlet 'dispatcherServlet'
07 Feb 2024 - 21:00:09.455 INFO  o.s.web.servlet.DispatcherServlet - Completed initialization in 1 ms
07 Feb 2024 - 21:00:10.092 INFO  o.s.api.AbstractOpenApiResource - Init duration for springdoc-openapi is: 584 ms
07 Feb 2024 - 21:07:15.408 INFO  o.e.s.controller.AuthController - Login admin@mail.ru
07 Feb 2024 - 21:07:15.409 WARN  o.e.s.controller.AuthController - Login admin@mail.ru
07 Feb 2024 - 21:07:15.409 ERROR o.e.s.controller.AuthController - Login admin@mail.ru
07 Feb 2024 - 21:24:23.587 INFO  o.s.o.j.LocalContainerEntityManagerFactoryBean - Closing JPA EntityManagerFactory for persistence unit 'default'
07 Feb 2024 - 21:24:23.590 INFO  com.zaxxer.hikari.HikariDataSource - HikariPool-1 - Shutdown initiated...
07 Feb 2024 - 21:24:23.599 INFO  com.zaxxer.hikari.HikariDataSource - HikariPool-1 - Shutdown completed.
07 Feb 2024 - 21:24:31.023 INFO  org.example.springkunuz.Application - Starting Application using Java 21.0.1 with PID 13340 (D:\programer\proekt\spring boot projectlar\spring-kun.uz\target\classes started by acer in D:\programer\proekt\spring boot projectlar\spring-kun.uz)
07 Feb 2024 - 21:24:31.082 INFO  org.example.springkunuz.Application - The following 1 profile is active: "dev"
07 Feb 2024 - 21:24:32.132 INFO  o.s.d.r.c.RepositoryConfigurationDelegate - Bootstrapping Spring Data JPA repositories in DEFAULT mode.
07 Feb 2024 - 21:24:32.227 INFO  o.s.d.r.c.RepositoryConfigurationDelegate - Finished Spring Data repository scanning in 84 ms. Found 8 JPA repository interfaces.
07 Feb 2024 - 21:24:32.834 INFO  o.s.b.w.e.tomcat.TomcatWebServer - Tomcat initialized with port 8080 (http)
07 Feb 2024 - 21:24:32.850 INFO  o.a.catalina.core.StandardService - Starting service [Tomcat]
07 Feb 2024 - 21:24:32.851 INFO  o.a.catalina.core.StandardEngine - Starting Servlet engine: [Apache Tomcat/10.1.18]
07 Feb 2024 - 21:24:32.945 INFO  o.a.c.c.C.[Tomcat].[localhost].[/] - Initializing Spring embedded WebApplicationContext
07 Feb 2024 - 21:24:32.945 INFO  o.s.b.w.s.c.ServletWebServerApplicationContext - Root WebApplicationContext: initialization completed in 1801 ms
07 Feb 2024 - 21:24:32.973 INFO  o.a.catalina.core.StandardContext - Suspicious URL pattern: [/region/adm/**] in context [], see sections 12.1 and 12.2 of the Servlet specification
07 Feb 2024 - 21:24:32.974 INFO  o.a.catalina.core.StandardContext - Suspicious URL pattern: [/articletype/adm/**] in context [], see sections 12.1 and 12.2 of the Servlet specification
07 Feb 2024 - 21:24:32.974 INFO  o.a.catalina.core.StandardContext - Suspicious URL pattern: [/category/adm/**] in context [], see sections 12.1 and 12.2 of the Servlet specification
07 Feb 2024 - 21:24:32.974 INFO  o.a.catalina.core.StandardContext - Suspicious URL pattern: [/profile/adm/**] in context [], see sections 12.1 and 12.2 of the Servlet specification
07 Feb 2024 - 21:24:32.974 INFO  o.a.catalina.core.StandardContext - Suspicious URL pattern: [/article/adm/**] in context [], see sections 12.1 and 12.2 of the Servlet specification
07 Feb 2024 - 21:24:33.132 INFO  o.h.jpa.internal.util.LogHelper - HHH000204: Processing PersistenceUnitInfo [name: default]
07 Feb 2024 - 21:24:33.218 INFO  org.hibernate.Version - HHH000412: Hibernate ORM core version 6.4.1.Final
07 Feb 2024 - 21:24:33.271 INFO  o.h.c.i.RegionFactoryInitiator - HHH000026: Second-level cache disabled
07 Feb 2024 - 21:24:33.558 INFO  o.s.o.j.p.SpringPersistenceUnitInfo - No LoadTimeWeaver setup: ignoring JPA class transformer
07 Feb 2024 - 21:24:33.589 INFO  com.zaxxer.hikari.HikariDataSource - HikariPool-1 - Starting...
07 Feb 2024 - 21:24:33.788 INFO  com.zaxxer.hikari.pool.HikariPool - HikariPool-1 - Added connection org.postgresql.jdbc.PgConnection@60f662bd
07 Feb 2024 - 21:24:33.790 INFO  com.zaxxer.hikari.HikariDataSource - HikariPool-1 - Start completed.
07 Feb 2024 - 21:24:35.322 INFO  o.h.e.t.j.p.i.JtaPlatformInitiator - HHH000489: No JTA platform available (set 'hibernate.transaction.jta.platform' to enable JTA platform integration)
07 Feb 2024 - 21:24:35.452 INFO  o.s.o.j.LocalContainerEntityManagerFactoryBean - Initialized JPA EntityManagerFactory for persistence unit 'default'
07 Feb 2024 - 21:24:35.812 INFO  o.s.d.j.r.query.QueryEnhancerFactory - Hibernate is in classpath; If applicable, HQL parser will be used.
07 Feb 2024 - 21:24:36.542 WARN  o.s.b.a.o.j.JpaBaseConfiguration$JpaWebConfiguration - spring.jpa.open-in-view is enabled by default. Therefore, database queries may be performed during view rendering. Explicitly configure spring.jpa.open-in-view to disable this warning
07 Feb 2024 - 21:24:37.011 INFO  o.s.b.w.e.tomcat.TomcatWebServer - Tomcat started on port 8080 (http) with context path ''
07 Feb 2024 - 21:24:37.023 INFO  org.example.springkunuz.Application - Started Application in 6.708 seconds (process running for 7.655)
07 Feb 2024 - 21:24:42.983 INFO  o.a.c.c.C.[Tomcat].[localhost].[/] - Initializing Spring DispatcherServlet 'dispatcherServlet'
07 Feb 2024 - 21:24:42.984 INFO  o.s.web.servlet.DispatcherServlet - Initializing Servlet 'dispatcherServlet'
07 Feb 2024 - 21:24:42.986 INFO  o.s.web.servlet.DispatcherServlet - Completed initialization in 2 ms
07 Feb 2024 - 21:24:44.147 INFO  o.s.api.AbstractOpenApiResource - Init duration for springdoc-openapi is: 609 ms
07 Feb 2024 - 21:27:48.637 INFO  o.s.o.j.LocalContainerEntityManagerFactoryBean - Closing JPA EntityManagerFactory for persistence unit 'default'
07 Feb 2024 - 21:27:48.639 INFO  com.zaxxer.hikari.HikariDataSource - HikariPool-1 - Shutdown initiated...
07 Feb 2024 - 21:27:48.649 INFO  com.zaxxer.hikari.HikariDataSource - HikariPool-1 - Shutdown completed.
07 Feb 2024 - 21:27:56.231 INFO  org.example.springkunuz.Application - Starting Application using Java 21.0.1 with PID 5256 (D:\programer\proekt\spring boot projectlar\spring-kun.uz\target\classes started by acer in D:\programer\proekt\spring boot projectlar\spring-kun.uz)
07 Feb 2024 - 21:27:56.248 INFO  org.example.springkunuz.Application - The following 1 profile is active: "dev"
07 Feb 2024 - 21:27:57.252 INFO  o.s.d.r.c.RepositoryConfigurationDelegate - Bootstrapping Spring Data JPA repositories in DEFAULT mode.
07 Feb 2024 - 21:27:57.346 INFO  o.s.d.r.c.RepositoryConfigurationDelegate - Finished Spring Data repository scanning in 84 ms. Found 8 JPA repository interfaces.
07 Feb 2024 - 21:27:57.873 INFO  o.s.b.w.e.tomcat.TomcatWebServer - Tomcat initialized with port 8080 (http)
07 Feb 2024 - 21:27:57.883 INFO  o.a.catalina.core.StandardService - Starting service [Tomcat]
07 Feb 2024 - 21:27:57.883 INFO  o.a.catalina.core.StandardEngine - Starting Servlet engine: [Apache Tomcat/10.1.18]
07 Feb 2024 - 21:27:57.948 INFO  o.a.c.c.C.[Tomcat].[localhost].[/] - Initializing Spring embedded WebApplicationContext
07 Feb 2024 - 21:27:57.949 INFO  o.s.b.w.s.c.ServletWebServerApplicationContext - Root WebApplicationContext: initialization completed in 1652 ms
07 Feb 2024 - 21:27:57.974 INFO  o.a.catalina.core.StandardContext - Suspicious URL pattern: [/region/adm/**] in context [], see sections 12.1 and 12.2 of the Servlet specification
07 Feb 2024 - 21:27:57.974 INFO  o.a.catalina.core.StandardContext - Suspicious URL pattern: [/articletype/adm/**] in context [], see sections 12.1 and 12.2 of the Servlet specification
07 Feb 2024 - 21:27:57.975 INFO  o.a.catalina.core.StandardContext - Suspicious URL pattern: [/category/adm/**] in context [], see sections 12.1 and 12.2 of the Servlet specification
07 Feb 2024 - 21:27:57.975 INFO  o.a.catalina.core.StandardContext - Suspicious URL pattern: [/profile/adm/**] in context [], see sections 12.1 and 12.2 of the Servlet specification
07 Feb 2024 - 21:27:57.975 INFO  o.a.catalina.core.StandardContext - Suspicious URL pattern: [/article/adm/**] in context [], see sections 12.1 and 12.2 of the Servlet specification
07 Feb 2024 - 21:27:58.120 INFO  o.h.jpa.internal.util.LogHelper - HHH000204: Processing PersistenceUnitInfo [name: default]
07 Feb 2024 - 21:27:58.176 INFO  org.hibernate.Version - HHH000412: Hibernate ORM core version 6.4.1.Final
07 Feb 2024 - 21:27:58.206 INFO  o.h.c.i.RegionFactoryInitiator - HHH000026: Second-level cache disabled
07 Feb 2024 - 21:27:58.427 INFO  o.s.o.j.p.SpringPersistenceUnitInfo - No LoadTimeWeaver setup: ignoring JPA class transformer
07 Feb 2024 - 21:27:58.450 INFO  com.zaxxer.hikari.HikariDataSource - HikariPool-1 - Starting...
07 Feb 2024 - 21:27:58.679 INFO  com.zaxxer.hikari.pool.HikariPool - HikariPool-1 - Added connection org.postgresql.jdbc.PgConnection@69d2e517
07 Feb 2024 - 21:27:58.683 INFO  com.zaxxer.hikari.HikariDataSource - HikariPool-1 - Start completed.
07 Feb 2024 - 21:27:59.953 INFO  o.h.e.t.j.p.i.JtaPlatformInitiator - HHH000489: No JTA platform available (set 'hibernate.transaction.jta.platform' to enable JTA platform integration)
07 Feb 2024 - 21:28:00.099 INFO  o.s.o.j.LocalContainerEntityManagerFactoryBean - Initialized JPA EntityManagerFactory for persistence unit 'default'
07 Feb 2024 - 21:28:00.379 INFO  o.s.d.j.r.query.QueryEnhancerFactory - Hibernate is in classpath; If applicable, HQL parser will be used.
07 Feb 2024 - 21:28:01.084 WARN  o.s.b.a.o.j.JpaBaseConfiguration$JpaWebConfiguration - spring.jpa.open-in-view is enabled by default. Therefore, database queries may be performed during view rendering. Explicitly configure spring.jpa.open-in-view to disable this warning
07 Feb 2024 - 21:28:01.604 INFO  o.s.b.w.e.tomcat.TomcatWebServer - Tomcat started on port 8080 (http) with context path ''
07 Feb 2024 - 21:28:01.614 INFO  org.example.springkunuz.Application - Started Application in 5.882 seconds (process running for 6.603)
07 Feb 2024 - 21:28:20.672 INFO  o.s.o.j.LocalContainerEntityManagerFactoryBean - Closing JPA EntityManagerFactory for persistence unit 'default'
07 Feb 2024 - 21:28:20.674 INFO  com.zaxxer.hikari.HikariDataSource - HikariPool-1 - Shutdown initiated...
07 Feb 2024 - 21:28:20.684 INFO  com.zaxxer.hikari.HikariDataSource - HikariPool-1 - Shutdown completed.
07 Feb 2024 - 21:28:23.716 INFO  org.example.springkunuz.Application - Starting Application using Java 21.0.1 with PID 11044 (D:\programer\proekt\spring boot projectlar\spring-kun.uz\target\classes started by acer in D:\programer\proekt\spring boot projectlar\spring-kun.uz)
07 Feb 2024 - 21:28:23.730 INFO  org.example.springkunuz.Application - The following 1 profile is active: "dev"
07 Feb 2024 - 21:28:24.710 INFO  o.s.d.r.c.RepositoryConfigurationDelegate - Bootstrapping Spring Data JPA repositories in DEFAULT mode.
07 Feb 2024 - 21:28:24.782 INFO  o.s.d.r.c.RepositoryConfigurationDelegate - Finished Spring Data repository scanning in 65 ms. Found 8 JPA repository interfaces.
07 Feb 2024 - 21:28:25.355 INFO  o.s.b.w.e.tomcat.TomcatWebServer - Tomcat initialized with port 8080 (http)
07 Feb 2024 - 21:28:25.365 INFO  o.a.catalina.core.StandardService - Starting service [Tomcat]
07 Feb 2024 - 21:28:25.366 INFO  o.a.catalina.core.StandardEngine - Starting Servlet engine: [Apache Tomcat/10.1.18]
07 Feb 2024 - 21:28:25.449 INFO  o.a.c.c.C.[Tomcat].[localhost].[/] - Initializing Spring embedded WebApplicationContext
07 Feb 2024 - 21:28:25.449 INFO  o.s.b.w.s.c.ServletWebServerApplicationContext - Root WebApplicationContext: initialization completed in 1671 ms
07 Feb 2024 - 21:28:25.478 INFO  o.a.catalina.core.StandardContext - Suspicious URL pattern: [/region/adm/**] in context [], see sections 12.1 and 12.2 of the Servlet specification
07 Feb 2024 - 21:28:25.479 INFO  o.a.catalina.core.StandardContext - Suspicious URL pattern: [/articletype/adm/**] in context [], see sections 12.1 and 12.2 of the Servlet specification
07 Feb 2024 - 21:28:25.479 INFO  o.a.catalina.core.StandardContext - Suspicious URL pattern: [/category/adm/**] in context [], see sections 12.1 and 12.2 of the Servlet specification
07 Feb 2024 - 21:28:25.479 INFO  o.a.catalina.core.StandardContext - Suspicious URL pattern: [/profile/adm/**] in context [], see sections 12.1 and 12.2 of the Servlet specification
07 Feb 2024 - 21:28:25.479 INFO  o.a.catalina.core.StandardContext - Suspicious URL pattern: [/article/adm/**] in context [], see sections 12.1 and 12.2 of the Servlet specification
07 Feb 2024 - 21:28:25.631 INFO  o.h.jpa.internal.util.LogHelper - HHH000204: Processing PersistenceUnitInfo [name: default]
07 Feb 2024 - 21:28:25.690 INFO  org.hibernate.Version - HHH000412: Hibernate ORM core version 6.4.1.Final
07 Feb 2024 - 21:28:25.716 INFO  o.h.c.i.RegionFactoryInitiator - HHH000026: Second-level cache disabled
07 Feb 2024 - 21:28:25.943 INFO  o.s.o.j.p.SpringPersistenceUnitInfo - No LoadTimeWeaver setup: ignoring JPA class transformer
07 Feb 2024 - 21:28:25.977 INFO  com.zaxxer.hikari.HikariDataSource - HikariPool-1 - Starting...
07 Feb 2024 - 21:28:26.169 INFO  com.zaxxer.hikari.pool.HikariPool - HikariPool-1 - Added connection org.postgresql.jdbc.PgConnection@49122853
07 Feb 2024 - 21:28:26.171 INFO  com.zaxxer.hikari.HikariDataSource - HikariPool-1 - Start completed.
07 Feb 2024 - 21:28:27.417 INFO  o.h.e.t.j.p.i.JtaPlatformInitiator - HHH000489: No JTA platform available (set 'hibernate.transaction.jta.platform' to enable JTA platform integration)
07 Feb 2024 - 21:28:27.564 INFO  o.s.o.j.LocalContainerEntityManagerFactoryBean - Initialized JPA EntityManagerFactory for persistence unit 'default'
07 Feb 2024 - 21:28:27.863 INFO  o.s.d.j.r.query.QueryEnhancerFactory - Hibernate is in classpath; If applicable, HQL parser will be used.
07 Feb 2024 - 21:28:28.517 WARN  o.s.b.a.o.j.JpaBaseConfiguration$JpaWebConfiguration - spring.jpa.open-in-view is enabled by default. Therefore, database queries may be performed during view rendering. Explicitly configure spring.jpa.open-in-view to disable this warning
07 Feb 2024 - 21:28:29.083 INFO  o.s.b.w.e.tomcat.TomcatWebServer - Tomcat started on port 8080 (http) with context path ''
07 Feb 2024 - 21:28:29.097 INFO  org.example.springkunuz.Application - Started Application in 5.878 seconds (process running for 6.758)
07 Feb 2024 - 21:29:28.025 INFO  o.a.c.c.C.[Tomcat].[localhost].[/] - Initializing Spring DispatcherServlet 'dispatcherServlet'
07 Feb 2024 - 21:29:28.025 INFO  o.s.web.servlet.DispatcherServlet - Initializing Servlet 'dispatcherServlet'
07 Feb 2024 - 21:29:28.027 INFO  o.s.web.servlet.DispatcherServlet - Completed initialization in 2 ms
07 Feb 2024 - 21:29:29.205 INFO  o.s.api.AbstractOpenApiResource - Init duration for springdoc-openapi is: 595 ms
07 Feb 2024 - 21:35:05.514 INFO  o.s.o.j.LocalContainerEntityManagerFactoryBean - Closing JPA EntityManagerFactory for persistence unit 'default'
07 Feb 2024 - 21:35:05.516 INFO  com.zaxxer.hikari.HikariDataSource - HikariPool-1 - Shutdown initiated...
07 Feb 2024 - 21:35:05.523 INFO  com.zaxxer.hikari.HikariDataSource - HikariPool-1 - Shutdown completed.
