10 Feb 2024 - 23:29:05.944 INFO  org.example.springkunuz.Application - Starting Application using Java 21.0.1 with PID 12736 (D:\programer\proekt\spring boot projectlar\spring-kun.uz\target\classes started by acer in D:\programer\proekt\spring boot projectlar\spring-kun.uz)
10 Feb 2024 - 23:29:05.975 INFO  org.example.springkunuz.Application - The following 1 profile is active: "dev"
10 Feb 2024 - 23:29:07.688 INFO  o.s.d.r.c.RepositoryConfigurationDelegate - Bootstrapping Spring Data JPA repositories in DEFAULT mode.
10 Feb 2024 - 23:29:07.778 INFO  o.s.d.r.c.RepositoryConfigurationDelegate - Finished Spring Data repository scanning in 79 ms. Found 8 JPA repository interfaces.
10 Feb 2024 - 23:29:08.343 INFO  o.s.b.w.e.tomcat.TomcatWebServer - Tomcat initialized with port 8080 (http)
10 Feb 2024 - 23:29:08.355 INFO  o.a.catalina.core.StandardService - Starting service [Tomcat]
10 Feb 2024 - 23:29:08.355 INFO  o.a.catalina.core.StandardEngine - Starting Servlet engine: [Apache Tomcat/10.1.18]
10 Feb 2024 - 23:29:08.434 INFO  o.a.c.c.C.[Tomcat].[localhost].[/] - Initializing Spring embedded WebApplicationContext
10 Feb 2024 - 23:29:08.435 INFO  o.s.b.w.s.c.ServletWebServerApplicationContext - Root WebApplicationContext: initialization completed in 2390 ms
10 Feb 2024 - 23:29:08.622 INFO  o.h.jpa.internal.util.LogHelper - HHH000204: Processing PersistenceUnitInfo [name: default]
10 Feb 2024 - 23:29:08.715 INFO  org.hibernate.Version - HHH000412: Hibernate ORM core version 6.4.1.Final
10 Feb 2024 - 23:29:08.753 INFO  o.h.c.i.RegionFactoryInitiator - HHH000026: Second-level cache disabled
10 Feb 2024 - 23:29:09.019 INFO  o.s.o.j.p.SpringPersistenceUnitInfo - No LoadTimeWeaver setup: ignoring JPA class transformer
10 Feb 2024 - 23:29:09.046 INFO  com.zaxxer.hikari.HikariDataSource - HikariPool-1 - Starting...
10 Feb 2024 - 23:29:09.288 INFO  com.zaxxer.hikari.pool.HikariPool - HikariPool-1 - Added connection org.postgresql.jdbc.PgConnection@6e7e0259
10 Feb 2024 - 23:29:09.289 INFO  com.zaxxer.hikari.HikariDataSource - HikariPool-1 - Start completed.
10 Feb 2024 - 23:29:10.619 INFO  o.h.e.t.j.p.i.JtaPlatformInitiator - HHH000489: No JTA platform available (set 'hibernate.transaction.jta.platform' to enable JTA platform integration)
10 Feb 2024 - 23:29:10.895 INFO  o.s.o.j.LocalContainerEntityManagerFactoryBean - Initialized JPA EntityManagerFactory for persistence unit 'default'
10 Feb 2024 - 23:29:11.230 INFO  o.s.d.j.r.query.QueryEnhancerFactory - Hibernate is in classpath; If applicable, HQL parser will be used.
10 Feb 2024 - 23:29:11.958 WARN  o.s.b.a.o.j.JpaBaseConfiguration$JpaWebConfiguration - spring.jpa.open-in-view is enabled by default. Therefore, database queries may be performed during view rendering. Explicitly configure spring.jpa.open-in-view to disable this warning
10 Feb 2024 - 23:29:12.473 WARN  o.s.b.a.s.s.UserDetailsServiceAutoConfiguration - 

Using generated security password: 458c7c41-0e44-412e-be5e-528e312bfa44

This generated password is for development use only. Your security configuration must be updated before running your application in production.

10 Feb 2024 - 23:29:12.584 INFO  o.s.s.web.DefaultSecurityFilterChain - Will secure any request with [org.springframework.security.web.session.DisableEncodeUrlFilter@24e5a4e0, org.springframework.security.web.context.request.async.WebAsyncManagerIntegrationFilter@4e2bed0f, org.springframework.security.web.context.SecurityContextHolderFilter@5513745d, org.springframework.security.web.header.HeaderWriterFilter@39482f2b, org.springframework.web.filter.CorsFilter@507c33cc, org.springframework.security.web.csrf.CsrfFilter@61b5c8a3, org.springframework.security.web.authentication.logout.LogoutFilter@6dd729, org.springframework.security.web.authentication.UsernamePasswordAuthenticationFilter@26f29ee5, org.springframework.security.web.authentication.ui.DefaultLoginPageGeneratingFilter@106a6a1b, org.springframework.security.web.authentication.ui.DefaultLogoutPageGeneratingFilter@48d68740, org.springframework.security.web.authentication.www.BasicAuthenticationFilter@5039de18, org.springframework.security.web.savedrequest.RequestCacheAwareFilter@6a29476d, org.springframework.security.web.servletapi.SecurityContextHolderAwareRequestFilter@35570a84, org.springframework.security.web.authentication.AnonymousAuthenticationFilter@419df81e, org.springframework.security.web.access.ExceptionTranslationFilter@7ca29492, org.springframework.security.web.access.intercept.AuthorizationFilter@51cbd1d]
10 Feb 2024 - 23:29:12.649 INFO  o.s.b.w.e.tomcat.TomcatWebServer - Tomcat started on port 8080 (http) with context path ''
10 Feb 2024 - 23:29:12.660 INFO  org.example.springkunuz.Application - Started Application in 7.343 seconds (process running for 8.461)
10 Feb 2024 - 23:43:55.424 INFO  o.s.o.j.LocalContainerEntityManagerFactoryBean - Closing JPA EntityManagerFactory for persistence unit 'default'
10 Feb 2024 - 23:43:55.427 INFO  com.zaxxer.hikari.HikariDataSource - HikariPool-1 - Shutdown initiated...
10 Feb 2024 - 23:43:55.435 INFO  com.zaxxer.hikari.HikariDataSource - HikariPool-1 - Shutdown completed.
10 Feb 2024 - 23:44:02.753 INFO  org.example.springkunuz.Application - Starting Application using Java 21.0.1 with PID 14360 (D:\programer\proekt\spring boot projectlar\spring-kun.uz\target\classes started by acer in D:\programer\proekt\spring boot projectlar\spring-kun.uz)
10 Feb 2024 - 23:44:02.772 INFO  org.example.springkunuz.Application - The following 1 profile is active: "dev"
10 Feb 2024 - 23:44:03.870 INFO  o.s.d.r.c.RepositoryConfigurationDelegate - Bootstrapping Spring Data JPA repositories in DEFAULT mode.
10 Feb 2024 - 23:44:03.939 INFO  o.s.d.r.c.RepositoryConfigurationDelegate - Finished Spring Data repository scanning in 64 ms. Found 8 JPA repository interfaces.
10 Feb 2024 - 23:44:04.477 INFO  o.s.b.w.e.tomcat.TomcatWebServer - Tomcat initialized with port 8080 (http)
10 Feb 2024 - 23:44:04.487 INFO  o.a.catalina.core.StandardService - Starting service [Tomcat]
10 Feb 2024 - 23:44:04.487 INFO  o.a.catalina.core.StandardEngine - Starting Servlet engine: [Apache Tomcat/10.1.18]
10 Feb 2024 - 23:44:04.560 INFO  o.a.c.c.C.[Tomcat].[localhost].[/] - Initializing Spring embedded WebApplicationContext
10 Feb 2024 - 23:44:04.561 INFO  o.s.b.w.s.c.ServletWebServerApplicationContext - Root WebApplicationContext: initialization completed in 1725 ms
10 Feb 2024 - 23:44:04.710 INFO  o.h.jpa.internal.util.LogHelper - HHH000204: Processing PersistenceUnitInfo [name: default]
10 Feb 2024 - 23:44:04.759 INFO  org.hibernate.Version - HHH000412: Hibernate ORM core version 6.4.1.Final
10 Feb 2024 - 23:44:04.783 INFO  o.h.c.i.RegionFactoryInitiator - HHH000026: Second-level cache disabled
10 Feb 2024 - 23:44:04.972 INFO  o.s.o.j.p.SpringPersistenceUnitInfo - No LoadTimeWeaver setup: ignoring JPA class transformer
10 Feb 2024 - 23:44:04.992 INFO  com.zaxxer.hikari.HikariDataSource - HikariPool-1 - Starting...
10 Feb 2024 - 23:44:05.168 INFO  com.zaxxer.hikari.pool.HikariPool - HikariPool-1 - Added connection org.postgresql.jdbc.PgConnection@43a59289
10 Feb 2024 - 23:44:05.170 INFO  com.zaxxer.hikari.HikariDataSource - HikariPool-1 - Start completed.
10 Feb 2024 - 23:44:06.524 INFO  o.h.e.t.j.p.i.JtaPlatformInitiator - HHH000489: No JTA platform available (set 'hibernate.transaction.jta.platform' to enable JTA platform integration)
10 Feb 2024 - 23:44:06.676 INFO  o.s.o.j.LocalContainerEntityManagerFactoryBean - Initialized JPA EntityManagerFactory for persistence unit 'default'
10 Feb 2024 - 23:44:07.068 INFO  o.s.d.j.r.query.QueryEnhancerFactory - Hibernate is in classpath; If applicable, HQL parser will be used.
10 Feb 2024 - 23:44:07.707 WARN  o.s.b.a.o.j.JpaBaseConfiguration$JpaWebConfiguration - spring.jpa.open-in-view is enabled by default. Therefore, database queries may be performed during view rendering. Explicitly configure spring.jpa.open-in-view to disable this warning
10 Feb 2024 - 23:44:08.144 WARN  o.s.b.a.s.s.UserDetailsServiceAutoConfiguration - 

Using generated security password: 6521f419-05e8-451c-836f-544d16812172

This generated password is for development use only. Your security configuration must be updated before running your application in production.

10 Feb 2024 - 23:44:08.234 INFO  o.s.s.web.DefaultSecurityFilterChain - Will secure any request with [org.springframework.security.web.session.DisableEncodeUrlFilter@39482f2b, org.springframework.security.web.context.request.async.WebAsyncManagerIntegrationFilter@6f05062b, org.springframework.security.web.context.SecurityContextHolderFilter@21aa0ec5, org.springframework.security.web.header.HeaderWriterFilter@9da8b97, org.springframework.web.filter.CorsFilter@76b195d, org.springframework.security.web.csrf.CsrfFilter@3af8f1ef, org.springframework.security.web.authentication.logout.LogoutFilter@1483ecad, org.springframework.security.web.authentication.UsernamePasswordAuthenticationFilter@435d74ba, org.springframework.security.web.authentication.ui.DefaultLoginPageGeneratingFilter@9640678, org.springframework.security.web.authentication.ui.DefaultLogoutPageGeneratingFilter@5513745d, org.springframework.security.web.authentication.www.BasicAuthenticationFilter@7ca29492, org.springframework.security.web.savedrequest.RequestCacheAwareFilter@3919e2d7, org.springframework.security.web.servletapi.SecurityContextHolderAwareRequestFilter@61cf810c, org.springframework.security.web.authentication.AnonymousAuthenticationFilter@2dda28a3, org.springframework.security.web.access.ExceptionTranslationFilter@6b06da60, org.springframework.security.web.access.intercept.AuthorizationFilter@13ecedf6]
10 Feb 2024 - 23:44:08.315 INFO  o.s.b.w.e.tomcat.TomcatWebServer - Tomcat started on port 8080 (http) with context path ''
10 Feb 2024 - 23:44:08.325 INFO  org.example.springkunuz.Application - Started Application in 6.101 seconds (process running for 6.838)
10 Feb 2024 - 23:49:35.173 INFO  o.s.o.j.LocalContainerEntityManagerFactoryBean - Closing JPA EntityManagerFactory for persistence unit 'default'
10 Feb 2024 - 23:49:35.177 INFO  com.zaxxer.hikari.HikariDataSource - HikariPool-1 - Shutdown initiated...
10 Feb 2024 - 23:49:35.183 INFO  com.zaxxer.hikari.HikariDataSource - HikariPool-1 - Shutdown completed.
10 Feb 2024 - 23:49:42.041 INFO  org.example.springkunuz.Application - Starting Application using Java 21.0.1 with PID 10296 (D:\programer\proekt\spring boot projectlar\spring-kun.uz\target\classes started by acer in D:\programer\proekt\spring boot projectlar\spring-kun.uz)
10 Feb 2024 - 23:49:42.055 INFO  org.example.springkunuz.Application - The following 1 profile is active: "dev"
10 Feb 2024 - 23:49:43.027 INFO  o.s.d.r.c.RepositoryConfigurationDelegate - Bootstrapping Spring Data JPA repositories in DEFAULT mode.
10 Feb 2024 - 23:49:43.119 INFO  o.s.d.r.c.RepositoryConfigurationDelegate - Finished Spring Data repository scanning in 84 ms. Found 8 JPA repository interfaces.
10 Feb 2024 - 23:49:43.662 INFO  o.s.b.w.e.tomcat.TomcatWebServer - Tomcat initialized with port 8080 (http)
10 Feb 2024 - 23:49:43.672 INFO  o.a.catalina.core.StandardService - Starting service [Tomcat]
10 Feb 2024 - 23:49:43.672 INFO  o.a.catalina.core.StandardEngine - Starting Servlet engine: [Apache Tomcat/10.1.18]
10 Feb 2024 - 23:49:43.729 INFO  o.a.c.c.C.[Tomcat].[localhost].[/] - Initializing Spring embedded WebApplicationContext
10 Feb 2024 - 23:49:43.730 INFO  o.s.b.w.s.c.ServletWebServerApplicationContext - Root WebApplicationContext: initialization completed in 1624 ms
10 Feb 2024 - 23:49:43.885 INFO  o.h.jpa.internal.util.LogHelper - HHH000204: Processing PersistenceUnitInfo [name: default]
10 Feb 2024 - 23:49:43.937 INFO  org.hibernate.Version - HHH000412: Hibernate ORM core version 6.4.1.Final
10 Feb 2024 - 23:49:43.964 INFO  o.h.c.i.RegionFactoryInitiator - HHH000026: Second-level cache disabled
10 Feb 2024 - 23:49:44.155 INFO  o.s.o.j.p.SpringPersistenceUnitInfo - No LoadTimeWeaver setup: ignoring JPA class transformer
10 Feb 2024 - 23:49:44.176 INFO  com.zaxxer.hikari.HikariDataSource - HikariPool-1 - Starting...
10 Feb 2024 - 23:49:44.415 INFO  com.zaxxer.hikari.pool.HikariPool - HikariPool-1 - Added connection org.postgresql.jdbc.PgConnection@3c544c9
10 Feb 2024 - 23:49:44.417 INFO  com.zaxxer.hikari.HikariDataSource - HikariPool-1 - Start completed.
10 Feb 2024 - 23:49:45.711 INFO  o.h.e.t.j.p.i.JtaPlatformInitiator - HHH000489: No JTA platform available (set 'hibernate.transaction.jta.platform' to enable JTA platform integration)
10 Feb 2024 - 23:49:45.878 INFO  o.s.o.j.LocalContainerEntityManagerFactoryBean - Initialized JPA EntityManagerFactory for persistence unit 'default'
10 Feb 2024 - 23:49:46.165 INFO  o.s.d.j.r.query.QueryEnhancerFactory - Hibernate is in classpath; If applicable, HQL parser will be used.
10 Feb 2024 - 23:49:46.753 WARN  o.s.b.a.o.j.JpaBaseConfiguration$JpaWebConfiguration - spring.jpa.open-in-view is enabled by default. Therefore, database queries may be performed during view rendering. Explicitly configure spring.jpa.open-in-view to disable this warning
10 Feb 2024 - 23:49:47.181 WARN  o.s.b.a.s.s.UserDetailsServiceAutoConfiguration - 

Using generated security password: 77b9bbdc-b51b-482d-827d-195b8a947bd3

This generated password is for development use only. Your security configuration must be updated before running your application in production.

10 Feb 2024 - 23:49:47.279 INFO  o.s.s.web.DefaultSecurityFilterChain - Will secure any request with [org.springframework.security.web.session.DisableEncodeUrlFilter@4a3b0387, org.springframework.security.web.context.request.async.WebAsyncManagerIntegrationFilter@6967cdee, org.springframework.security.web.context.SecurityContextHolderFilter@6b06da60, org.springframework.security.web.header.HeaderWriterFilter@6f53e863, org.springframework.web.filter.CorsFilter@4c33450c, org.springframework.security.web.csrf.CsrfFilter@28058dd0, org.springframework.security.web.authentication.logout.LogoutFilter@1070308e, org.springframework.security.web.authentication.UsernamePasswordAuthenticationFilter@ab2ac08, org.springframework.security.web.authentication.ui.DefaultLoginPageGeneratingFilter@61cf810c, org.springframework.security.web.authentication.ui.DefaultLogoutPageGeneratingFilter@7ca29492, org.springframework.security.web.authentication.www.BasicAuthenticationFilter@d4a4ba, org.springframework.security.web.savedrequest.RequestCacheAwareFilter@9da8b97, org.springframework.security.web.servletapi.SecurityContextHolderAwareRequestFilter@56527ff2, org.springframework.security.web.authentication.AnonymousAuthenticationFilter@6e1787ba, org.springframework.security.web.access.ExceptionTranslationFilter@5bc3c4e5, org.springframework.security.web.access.intercept.AuthorizationFilter@2f7432f3]
10 Feb 2024 - 23:49:47.340 INFO  o.s.b.w.e.tomcat.TomcatWebServer - Tomcat started on port 8080 (http) with context path ''
10 Feb 2024 - 23:49:47.349 INFO  org.example.springkunuz.Application - Started Application in 5.791 seconds (process running for 6.557)
